{"C:\\Users\\82109\\WorkBuddy\\2026-08-12-17-18-10\\da-fix\\src\\modules\\AnalysisEngine.js":{"path":"C:\\Users\\82109\\WorkBuddy\\2026-08-12-17-18-10\\da-fix\\src\\modules\\AnalysisEngine.js","statementMap":{"0":{"start":{"line":7,"column":4},"end":{"line":7,"column":30}},"1":{"start":{"line":17,"column":4},"end":{"line":17,"column":40}},"2":{"start":{"line":18,"column":39},"end":{"line":18,"column":54}},"3":{"start":{"line":21,"column":29},"end":{"line":21,"column":61}},"4":{"start":{"line":22,"column":24},"end":{"line":22,"column":51}},"5":{"start":{"line":23,"column":33},"end":{"line":23,"column":76}},"6":{"start":{"line":24,"column":32},"end":{"line":24,"column":70}},"7":{"start":{"line":25,"column":28},"end":{"line":25,"column":62}},"8":{"start":{"line":26,"column":26},"end":{"line":26,"column":55}},"9":{"start":{"line":27,"column":21},"end":{"line":27,"column":45}},"10":{"start":{"line":28,"column":29},"end":{"line":28,"column":63}},"11":{"start":{"line":30,"column":19},"end":{"line":59,"column":5}},"12":{"start":{"line":36,"column":27},"end":{"line":36,"column":58}},"13":{"start":{"line":61,"column":4},"end":{"line":61,"column":34}},"14":{"start":{"line":62,"column":4},"end":{"line":62,"column":18}},"15":{"start":{"line":70,"column":4},"end":{"line":72,"column":5}},"16":{"start":{"line":71,"column":6},"end":{"line":71,"column":71}},"17":{"start":{"line":73,"column":39},"end":{"line":73,"column":44}},"18":{"start":{"line":76,"column":4},"end":{"line":78,"column":5}},"19":{"start":{"line":77,"column":6},"end":{"line":77,"column":61}},"20":{"start":{"line":79,"column":4},"end":{"line":81,"column":5}},"21":{"start":{"line":80,"column":6},"end":{"line":80,"column":64}},"22":{"start":{"line":82,"column":4},"end":{"line":84,"column":5}},"23":{"start":{"line":83,"column":6},"end":{"line":83,"column":68}},"24":{"start":{"line":87,"column":25},"end":{"line":87,"column":62}},"25":{"start":{"line":88,"column":4},"end":{"line":95,"column":5}},"26":{"start":{"line":89,"column":6},"end":{"line":91,"column":7}},"27":{"start":{"line":90,"column":8},"end":{"line":90,"column":67}},"28":{"start":{"line":92,"column":6},"end":{"line":94,"column":7}},"29":{"start":{"line":93,"column":8},"end":{"line":93,"column":76}},"30":{"start":{"line":98,"column":4},"end":{"line":111,"column":5}},"31":{"start":{"line":99,"column":6},"end":{"line":101,"column":7}},"32":{"start":{"line":100,"column":8},"end":{"line":100,"column":72}},"33":{"start":{"line":102,"column":6},"end":{"line":104,"column":7}},"34":{"start":{"line":103,"column":8},"end":{"line":103,"column":73}},"35":{"start":{"line":105,"column":6},"end":{"line":107,"column":7}},"36":{"start":{"line":106,"column":8},"end":{"line":106,"column":77}},"37":{"start":{"line":108,"column":6},"end":{"line":110,"column":7}},"38":{"start":{"line":109,"column":8},"end":{"line":109,"column":98}},"39":{"start":{"line":114,"column":4},"end":{"line":121,"column":5}},"40":{"start":{"line":115,"column":6},"end":{"line":117,"column":7}},"41":{"start":{"line":116,"column":8},"end":{"line":116,"column":60}},"42":{"start":{"line":118,"column":6},"end":{"line":120,"column":7}},"43":{"start":{"line":119,"column":8},"end":{"line":119,"column":64}},"44":{"start":{"line":130,"column":20},"end":{"line":130,"column":22}},"45":{"start":{"line":132,"column":4},"end":{"line":141,"column":5}},"46":{"start":{"line":133,"column":6},"end":{"line":140,"column":7}},"47":{"start":{"line":134,"column":8},"end":{"line":139,"column":11}},"48":{"start":{"line":143,"column":4},"end":{"line":143,"column":61}},"49":{"start":{"line":143,"column":34},"end":{"line":143,"column":59}},"50":{"start":{"line":152,"column":28},"end":{"line":152,"column":30}},"51":{"start":{"line":154,"column":4},"end":{"line":172,"column":5}},"52":{"start":{"line":155,"column":26},"end":{"line":155,"column":47}},"53":{"start":{"line":158,"column":6},"end":{"line":160,"column":7}},"54":{"start":{"line":159,"column":8},"end":{"line":159,"column":17}},"55":{"start":{"line":162,"column":6},"end":{"line":171,"column":7}},"56":{"start":{"line":163,"column":8},"end":{"line":170,"column":11}},"57":{"start":{"line":174,"column":4},"end":{"line":176,"column":6}},"58":{"start":{"line":175,"column":16},"end":{"line":175,"column":59}},"59":{"start":{"line":186,"column":20},"end":{"line":186,"column":29}},"60":{"start":{"line":187,"column":27},"end":{"line":187,"column":36}},"61":{"start":{"line":188,"column":19},"end":{"line":188,"column":21}},"62":{"start":{"line":191,"column":16},"end":{"line":221,"column":5}},"63":{"start":{"line":192,"column":6},"end":{"line":203,"column":7}},"64":{"start":{"line":194,"column":27},"end":{"line":194,"column":47}},"65":{"start":{"line":195,"column":22},"end":{"line":195,"column":44}},"66":{"start":{"line":196,"column":8},"end":{"line":196,"column":27}},"67":{"start":{"line":197,"column":8},"end":{"line":201,"column":11}},"68":{"start":{"line":202,"column":8},"end":{"line":202,"column":15}},"69":{"start":{"line":205,"column":6},"end":{"line":207,"column":7}},"70":{"start":{"line":206,"column":8},"end":{"line":206,"column":15}},"71":{"start":{"line":209,"column":6},"end":{"line":209,"column":26}},"72":{"start":{"line":210,"column":6},"end":{"line":210,"column":33}},"73":{"start":{"line":211,"column":6},"end":{"line":211,"column":24}},"74":{"start":{"line":213,"column":19},"end":{"line":213,"column":36}},"75":{"start":{"line":214,"column":6},"end":{"line":218,"column":7}},"76":{"start":{"line":215,"column":8},"end":{"line":217,"column":9}},"77":{"start":{"line":216,"column":10},"end":{"line":216,"column":39}},"78":{"start":{"line":220,"column":6},"end":{"line":220,"column":36}},"79":{"start":{"line":224,"column":4},"end":{"line":228,"column":5}},"80":{"start":{"line":225,"column":6},"end":{"line":227,"column":7}},"81":{"start":{"line":226,"column":8},"end":{"line":226,"column":24}},"82":{"start":{"line":231,"column":25},"end":{"line":231,"column":55}},"83":{"start":{"line":232,"column":4},"end":{"line":232,"column":64}},"84":{"start":{"line":232,"column":39},"end":{"line":232,"column":62}},"85":{"start":{"line":242,"column":19},"end":{"line":242,"column":20}},"86":{"start":{"line":245,"column":4},"end":{"line":245,"column":34}},"87":{"start":{"line":248,"column":4},"end":{"line":253,"column":5}},"88":{"start":{"line":249,"column":19},"end":{"line":249,"column":36}},"89":{"start":{"line":250,"column":6},"end":{"line":252,"column":7}},"90":{"start":{"line":251,"column":8},"end":{"line":251,"column":51}},"91":{"start":{"line":255,"column":4},"end":{"line":255,"column":20}},"92":{"start":{"line":264,"column":17},"end":{"line":264,"column":26}},"93":{"start":{"line":265,"column":19},"end":{"line":265,"column":21}},"94":{"start":{"line":267,"column":4},"end":{"line":279,"column":5}},"95":{"start":{"line":269,"column":25},"end":{"line":269,"column":57}},"96":{"start":{"line":270,"column":18},"end":{"line":270,"column":39}},"97":{"start":{"line":272,"column":6},"end":{"line":278,"column":7}},"98":{"start":{"line":273,"column":8},"end":{"line":273,"column":22}},"99":{"start":{"line":274,"column":8},"end":{"line":277,"column":11}},"100":{"start":{"line":281,"column":4},"end":{"line":281,"column":18}},"101":{"start":{"line":290,"column":4},"end":{"line":290,"column":40}},"102":{"start":{"line":290,"column":27},"end":{"line":290,"column":40}},"103":{"start":{"line":293,"column":19},"end":{"line":293,"column":20}},"104":{"start":{"line":294,"column":4},"end":{"line":298,"column":5}},"105":{"start":{"line":294,"column":17},"end":{"line":294,"column":18}},"106":{"start":{"line":295,"column":6},"end":{"line":297,"column":7}},"107":{"start":{"line":296,"column":8},"end":{"line":296,"column":21}},"108":{"start":{"line":301,"column":23},"end":{"line":305,"column":5}},"109":{"start":{"line":307,"column":4},"end":{"line":307,"column":22}},"110":{"start":{"line":316,"column":27},"end":{"line":316,"column":29}},"111":{"start":{"line":318,"column":4},"end":{"line":330,"column":5}},"112":{"start":{"line":319,"column":25},"end":{"line":319,"column":55}},"113":{"start":{"line":321,"column":6},"end":{"line":329,"column":9}},"114":{"start":{"line":332,"column":4},"end":{"line":332,"column":70}},"115":{"start":{"line":332,"column":41},"end":{"line":332,"column":68}},"116":{"start":{"line":341,"column":21},"end":{"line":341,"column":22}},"117":{"start":{"line":344,"column":4},"end":{"line":344,"column":37}},"118":{"start":{"line":347,"column":4},"end":{"line":347,"column":38}},"119":{"start":{"line":350,"column":4},"end":{"line":350,"column":48}},"120":{"start":{"line":353,"column":4},"end":{"line":353,"column":51}},"121":{"start":{"line":355,"column":4},"end":{"line":355,"column":46}},"122":{"start":{"line":364,"column":4},"end":{"line":364,"column":45}},"123":{"start":{"line":364,"column":26},"end":{"line":364,"column":45}},"124":{"start":{"line":365,"column":4},"end":{"line":365,"column":40}},"125":{"start":{"line":365,"column":26},"end":{"line":365,"column":40}},"126":{"start":{"line":366,"column":4},"end":{"line":366,"column":42}},"127":{"start":{"line":366,"column":26},"end":{"line":366,"column":42}},"128":{"start":{"line":367,"column":4},"end":{"line":367,"column":38}},"129":{"start":{"line":367,"column":25},"end":{"line":367,"column":38}},"130":{"start":{"line":368,"column":4},"end":{"line":368,"column":22}},"131":{"start":{"line":377,"column":21},"end":{"line":377,"column":30}},"132":{"start":{"line":378,"column":22},"end":{"line":378,"column":24}},"133":{"start":{"line":381,"column":4},"end":{"line":385,"column":5}},"134":{"start":{"line":382,"column":20},"end":{"line":382,"column":68}},"135":{"start":{"line":383,"column":6},"end":{"line":383,"column":34}},"136":{"start":{"line":384,"column":6},"end":{"line":384,"column":28}},"137":{"start":{"line":389,"column":6},"end":{"line":389,"column":65}},"138":{"start":{"line":389,"column":35},"end":{"line":389,"column":42}},"139":{"start":{"line":390,"column":21},"end":{"line":390,"column":43}},"140":{"start":{"line":393,"column":30},"end":{"line":393,"column":32}},"141":{"start":{"line":394,"column":4},"end":{"line":405,"column":5}},"142":{"start":{"line":395,"column":6},"end":{"line":404,"column":7}},"143":{"start":{"line":397,"column":21},"end":{"line":397,"column":38}},"144":{"start":{"line":398,"column":8},"end":{"line":403,"column":11}},"145":{"start":{"line":407,"column":4},"end":{"line":412,"column":6}},"146":{"start":{"line":410,"column":58},"end":{"line":410,"column":75}},"147":{"start":{"line":423,"column":4},"end":{"line":425,"column":5}},"148":{"start":{"line":424,"column":6},"end":{"line":424,"column":15}},"149":{"start":{"line":427,"column":4},"end":{"line":427,"column":24}},"150":{"start":{"line":428,"column":17},"end":{"line":428,"column":34}},"151":{"start":{"line":430,"column":4},"end":{"line":433,"column":5}},"152":{"start":{"line":431,"column":6},"end":{"line":431,"column":29}},"153":{"start":{"line":432,"column":6},"end":{"line":432,"column":15}},"154":{"start":{"line":435,"column":19},"end":{"line":435,"column":20}},"155":{"start":{"line":436,"column":4},"end":{"line":439,"column":5}},"156":{"start":{"line":437,"column":20},"end":{"line":437,"column":72}},"157":{"start":{"line":438,"column":6},"end":{"line":438,"column":47}},"158":{"start":{"line":441,"column":4},"end":{"line":441,"column":27}},"159":{"start":{"line":442,"column":4},"end":{"line":442,"column":20}},"160":{"start":{"line":451,"column":25},"end":{"line":451,"column":27}},"161":{"start":{"line":453,"column":4},"end":{"line":455,"column":5}},"162":{"start":{"line":454,"column":6},"end":{"line":454,"column":59}},"163":{"start":{"line":457,"column":4},"end":{"line":457,"column":24}},"164":{"start":{"line":466,"column":17},"end":{"line":466,"column":19}},"165":{"start":{"line":467,"column":20},"end":{"line":467,"column":22}},"166":{"start":{"line":470,"column":4},"end":{"line":472,"column":5}},"167":{"start":{"line":471,"column":6},"end":{"line":471,"column":51}},"168":{"start":{"line":475,"column":22},"end":{"line":475,"column":77}},"169":{"start":{"line":475,"column":49},"end":{"line":475,"column":56}},"170":{"start":{"line":477,"column":6},"end":{"line":478,"column":20}},"171":{"start":{"line":477,"column":33},"end":{"line":477,"column":65}},"172":{"start":{"line":479,"column":19},"end":{"line":479,"column":38}},"173":{"start":{"line":480,"column":22},"end":{"line":480,"column":40}},"174":{"start":{"line":483,"column":4},"end":{"line":497,"column":5}},"175":{"start":{"line":484,"column":26},"end":{"line":484,"column":56}},"176":{"start":{"line":486,"column":6},"end":{"line":496,"column":7}},"177":{"start":{"line":487,"column":8},"end":{"line":495,"column":11}},"178":{"start":{"line":499,"column":4},"end":{"line":499,"column":62}},"179":{"start":{"line":499,"column":31},"end":{"line":499,"column":60}},"180":{"start":{"line":509,"column":17},"end":{"line":509,"column":18}},"181":{"start":{"line":512,"column":4},"end":{"line":512,"column":35}},"182":{"start":{"line":515,"column":20},"end":{"line":515,"column":29}},"183":{"start":{"line":516,"column":36},"end":{"line":530,"column":5}},"184":{"start":{"line":517,"column":6},"end":{"line":517,"column":53}},"185":{"start":{"line":517,"column":44},"end":{"line":517,"column":53}},"186":{"start":{"line":519,"column":6},"end":{"line":519,"column":26}},"187":{"start":{"line":520,"column":19},"end":{"line":520,"column":36}},"188":{"start":{"line":521,"column":6},"end":{"line":521,"column":26}},"189":{"start":{"line":521,"column":17},"end":{"line":521,"column":26}},"190":{"start":{"line":523,"column":27},"end":{"line":523,"column":28}},"191":{"start":{"line":524,"column":6},"end":{"line":527,"column":7}},"192":{"start":{"line":525,"column":8},"end":{"line":525,"column":42}},"193":{"start":{"line":526,"column":8},"end":{"line":526,"column":74}},"194":{"start":{"line":529,"column":6},"end":{"line":529,"column":28}},"195":{"start":{"line":532,"column":4},"end":{"line":532,"column":53}},"196":{"start":{"line":534,"column":4},"end":{"line":534,"column":42}},"197":{"start":{"line":543,"column":21},"end":{"line":543,"column":23}},"198":{"start":{"line":545,"column":4},"end":{"line":570,"column":5}},"199":{"start":{"line":547,"column":6},"end":{"line":569,"column":7}},"200":{"start":{"line":548,"column":8},"end":{"line":553,"column":11}},"201":{"start":{"line":556,"column":11},"end":{"line":569,"column":7}},"202":{"start":{"line":558,"column":35},"end":{"line":558,"column":64}},"203":{"start":{"line":560,"column":8},"end":{"line":568,"column":9}},"204":{"start":{"line":561,"column":10},"end":{"line":567,"column":13}},"205":{"start":{"line":572,"column":4},"end":{"line":572,"column":64}},"206":{"start":{"line":572,"column":35},"end":{"line":572,"column":62}},"207":{"start":{"line":581,"column":31},"end":{"line":588,"column":5}},"208":{"start":{"line":590,"column":4},"end":{"line":590,"column":73}},"209":{"start":{"line":590,"column":48},"end":{"line":590,"column":71}},"210":{"start":{"line":600,"column":28},"end":{"line":605,"column":5}},"211":{"start":{"line":608,"column":4},"end":{"line":616,"column":5}},"212":{"start":{"line":609,"column":17},"end":{"line":609,"column":30}},"213":{"start":{"line":610,"column":17},"end":{"line":610,"column":31}},"214":{"start":{"line":611,"column":26},"end":{"line":611,"column":58}},"215":{"start":{"line":613,"column":6},"end":{"line":613,"column":55}},"216":{"start":{"line":614,"column":6},"end":{"line":614,"column":55}},"217":{"start":{"line":615,"column":6},"end":{"line":615,"column":59}},"218":{"start":{"line":619,"column":35},"end":{"line":619,"column":37}},"219":{"start":{"line":620,"column":4},"end":{"line":636,"column":5}},"220":{"start":{"line":621,"column":28},"end":{"line":621,"column":58}},"221":{"start":{"line":622,"column":26},"end":{"line":622,"column":65}},"222":{"start":{"line":624,"column":6},"end":{"line":635,"column":7}},"223":{"start":{"line":626,"column":8},"end":{"line":634,"column":11}},"224":{"start":{"line":638,"column":4},"end":{"line":645,"column":6}},"225":{"start":{"line":641,"column":18},"end":{"line":641,"column":51}},"226":{"start":{"line":654,"column":4},"end":{"line":654,"column":43}},"227":{"start":{"line":654,"column":24},"end":{"line":654,"column":43}},"228":{"start":{"line":655,"column":4},"end":{"line":655,"column":38}},"229":{"start":{"line":655,"column":24},"end":{"line":655,"column":38}},"230":{"start":{"line":656,"column":4},"end":{"line":656,"column":39}},"231":{"start":{"line":656,"column":23},"end":{"line":656,"column":39}},"232":{"start":{"line":657,"column":4},"end":{"line":657,"column":17}},"233":{"start":{"line":666,"column":24},"end":{"line":666,"column":25}},"234":{"start":{"line":668,"column":4},"end":{"line":670,"column":5}},"235":{"start":{"line":669,"column":6},"end":{"line":669,"column":54}},"236":{"start":{"line":672,"column":4},"end":{"line":672,"column":59}},"237":{"start":{"line":681,"column":25},"end":{"line":681,"column":69}},"238":{"start":{"line":683,"column":4},"end":{"line":687,"column":5}},"239":{"start":{"line":684,"column":23},"end":{"line":684,"column":53}},"240":{"start":{"line":685,"column":23},"end":{"line":685,"column":56}},"241":{"start":{"line":686,"column":6},"end":{"line":686,"column":31}},"242":{"start":{"line":689,"column":4},"end":{"line":689,"column":24}},"243":{"start":{"line":698,"column":28},"end":{"line":698,"column":30}},"244":{"start":{"line":701,"column":4},"end":{"line":716,"column":5}},"245":{"start":{"line":702,"column":28},"end":{"line":704,"column":14}},"246":{"start":{"line":703,"column":15},"end":{"line":703,"column":38}},"247":{"start":{"line":705,"column":6},"end":{"line":715,"column":7}},"248":{"start":{"line":706,"column":8},"end":{"line":714,"column":11}},"249":{"start":{"line":712,"column":27},"end":{"line":712,"column":50}},"250":{"start":{"line":719,"column":4},"end":{"line":731,"column":5}},"251":{"start":{"line":720,"column":31},"end":{"line":723,"column":7}},"252":{"start":{"line":721,"column":20},"end":{"line":721,"column":46}},"253":{"start":{"line":724,"column":6},"end":{"line":730,"column":9}},"254":{"start":{"line":734,"column":4},"end":{"line":742,"column":5}},"255":{"start":{"line":735,"column":6},"end":{"line":741,"column":9}},"256":{"start":{"line":745,"column":4},"end":{"line":762,"column":5}},"257":{"start":{"line":747,"column":8},"end":{"line":749,"column":16}},"258":{"start":{"line":748,"column":17},"end":{"line":748,"column":43}},"259":{"start":{"line":751,"column":6},"end":{"line":761,"column":7}},"260":{"start":{"line":752,"column":8},"end":{"line":760,"column":11}},"261":{"start":{"line":758,"column":27},"end":{"line":758,"column":53}},"262":{"start":{"line":765,"column":4},"end":{"line":773,"column":5}},"263":{"start":{"line":766,"column":6},"end":{"line":772,"column":9}},"264":{"start":{"line":775,"column":4},"end":{"line":778,"column":7}},"265":{"start":{"line":776,"column":28},"end":{"line":776,"column":71}},"266":{"start":{"line":777,"column":6},"end":{"line":777,"column":67}},"267":{"start":{"line":782,"column":0},"end":{"line":782,"column":32}}},"fnMap":{"0":{"name":"(anonymous_0)","decl":{"start":{"line":6,"column":2},"end":{"line":6,"column":3}},"loc":{"start":{"line":6,"column":16},"end":{"line":8,"column":3}},"line":6},"1":{"name":"(anonymous_1)","decl":{"start":{"line":15,"column":2},"end":{"line":15,"column":3}},"loc":{"start":{"line":15,"column":27},"end":{"line":63,"column":3}},"line":15},"2":{"name":"(anonymous_2)","decl":{"start":{"line":36,"column":10},"end":{"line":36,"column":11}},"loc":{"start":{"line":36,"column":27},"end":{"line":36,"column":58}},"line":36},"3":{"name":"(anonymous_3)","decl":{"start":{"line":69,"column":2},"end":{"line":69,"column":3}},"loc":{"start":{"line":69,"column":23},"end":{"line":122,"column":3}},"line":69},"4":{"name":"(anonymous_4)","decl":{"start":{"line":129,"column":2},"end":{"line":129,"column":3}},"loc":{"start":{"line":129,"column":30},"end":{"line":144,"column":3}},"line":129},"5":{"name":"(anonymous_5)","decl":{"start":{"line":143,"column":24},"end":{"line":143,"column":25}},"loc":{"start":{"line":143,"column":34},"end":{"line":143,"column":59}},"line":143},"6":{"name":"(anonymous_6)","decl":{"start":{"line":151,"column":2},"end":{"line":151,"column":3}},"loc":{"start":{"line":151,"column":25},"end":{"line":177,"column":3}},"line":151},"7":{"name":"(anonymous_7)","decl":{"start":{"line":175,"column":6},"end":{"line":175,"column":7}},"loc":{"start":{"line":175,"column":16},"end":{"line":175,"column":59}},"line":175},"8":{"name":"(anonymous_8)","decl":{"start":{"line":185,"column":2},"end":{"line":185,"column":3}},"loc":{"start":{"line":185,"column":41},"end":{"line":233,"column":3}},"line":185},"9":{"name":"(anonymous_9)","decl":{"start":{"line":191,"column":16},"end":{"line":191,"column":17}},"loc":{"start":{"line":191,"column":34},"end":{"line":221,"column":5}},"line":191},"10":{"name":"(anonymous_10)","decl":{"start":{"line":232,"column":29},"end":{"line":232,"column":30}},"loc":{"start":{"line":232,"column":39},"end":{"line":232,"column":62}},"line":232},"11":{"name":"(anonymous_11)","decl":{"start":{"line":241,"column":2},"end":{"line":241,"column":3}},"loc":{"start":{"line":241,"column":39},"end":{"line":256,"column":3}},"line":241},"12":{"name":"(anonymous_12)","decl":{"start":{"line":263,"column":2},"end":{"line":263,"column":3}},"loc":{"start":{"line":263,"column":28},"end":{"line":282,"column":3}},"line":263},"13":{"name":"(anonymous_13)","decl":{"start":{"line":289,"column":2},"end":{"line":289,"column":3}},"loc":{"start":{"line":289,"column":24},"end":{"line":308,"column":3}},"line":289},"14":{"name":"(anonymous_14)","decl":{"start":{"line":315,"column":2},"end":{"line":315,"column":3}},"loc":{"start":{"line":315,"column":36},"end":{"line":333,"column":3}},"line":315},"15":{"name":"(anonymous_15)","decl":{"start":{"line":332,"column":31},"end":{"line":332,"column":32}},"loc":{"start":{"line":332,"column":41},"end":{"line":332,"column":68}},"line":332},"16":{"name":"(anonymous_16)","decl":{"start":{"line":340,"column":2},"end":{"line":340,"column":3}},"loc":{"start":{"line":340,"column":28},"end":{"line":356,"column":3}},"line":340},"17":{"name":"(anonymous_17)","decl":{"start":{"line":363,"column":2},"end":{"line":363,"column":3}},"loc":{"start":{"line":363,"column":35},"end":{"line":369,"column":3}},"line":363},"18":{"name":"(anonymous_18)","decl":{"start":{"line":376,"column":2},"end":{"line":376,"column":3}},"loc":{"start":{"line":376,"column":32},"end":{"line":413,"column":3}},"line":376},"19":{"name":"(anonymous_19)","decl":{"start":{"line":389,"column":23},"end":{"line":389,"column":24}},"loc":{"start":{"line":389,"column":35},"end":{"line":389,"column":42}},"line":389},"20":{"name":"(anonymous_20)","decl":{"start":{"line":410,"column":48},"end":{"line":410,"column":49}},"loc":{"start":{"line":410,"column":58},"end":{"line":410,"column":75}},"line":410},"21":{"name":"(anonymous_21)","decl":{"start":{"line":422,"column":2},"end":{"line":422,"column":3}},"loc":{"start":{"line":422,"column":44},"end":{"line":443,"column":3}},"line":422},"22":{"name":"(anonymous_22)","decl":{"start":{"line":450,"column":2},"end":{"line":450,"column":3}},"loc":{"start":{"line":450,"column":37},"end":{"line":458,"column":3}},"line":450},"23":{"name":"(anonymous_23)","decl":{"start":{"line":465,"column":2},"end":{"line":465,"column":3}},"loc":{"start":{"line":465,"column":27},"end":{"line":500,"column":3}},"line":465},"24":{"name":"(anonymous_24)","decl":{"start":{"line":475,"column":37},"end":{"line":475,"column":38}},"loc":{"start":{"line":475,"column":49},"end":{"line":475,"column":56}},"line":475},"25":{"name":"(anonymous_25)","decl":{"start":{"line":477,"column":21},"end":{"line":477,"column":22}},"loc":{"start":{"line":477,"column":33},"end":{"line":477,"column":65}},"line":477},"26":{"name":"(anonymous_26)","decl":{"start":{"line":499,"column":21},"end":{"line":499,"column":22}},"loc":{"start":{"line":499,"column":31},"end":{"line":499,"column":60}},"line":499},"27":{"name":"(anonymous_27)","decl":{"start":{"line":508,"column":2},"end":{"line":508,"column":3}},"loc":{"start":{"line":508,"column":37},"end":{"line":535,"column":3}},"line":508},"28":{"name":"(anonymous_28)","decl":{"start":{"line":516,"column":36},"end":{"line":516,"column":37}},"loc":{"start":{"line":516,"column":55},"end":{"line":530,"column":5}},"line":516},"29":{"name":"(anonymous_29)","decl":{"start":{"line":542,"column":2},"end":{"line":542,"column":3}},"loc":{"start":{"line":542,"column":22},"end":{"line":573,"column":3}},"line":542},"30":{"name":"(anonymous_30)","decl":{"start":{"line":572,"column":25},"end":{"line":572,"column":26}},"loc":{"start":{"line":572,"column":35},"end":{"line":572,"column":62}},"line":572},"31":{"name":"(anonymous_31)","decl":{"start":{"line":580,"column":2},"end":{"line":580,"column":3}},"loc":{"start":{"line":580,"column":27},"end":{"line":591,"column":3}},"line":580},"32":{"name":"(anonymous_32)","decl":{"start":{"line":590,"column":35},"end":{"line":590,"column":36}},"loc":{"start":{"line":590,"column":48},"end":{"line":590,"column":71}},"line":590},"33":{"name":"(anonymous_33)","decl":{"start":{"line":599,"column":2},"end":{"line":599,"column":3}},"loc":{"start":{"line":599,"column":32},"end":{"line":646,"column":3}},"line":599},"34":{"name":"(anonymous_34)","decl":{"start":{"line":641,"column":8},"end":{"line":641,"column":9}},"loc":{"start":{"line":641,"column":18},"end":{"line":641,"column":51}},"line":641},"35":{"name":"(anonymous_35)","decl":{"start":{"line":653,"column":2},"end":{"line":653,"column":3}},"loc":{"start":{"line":653,"column":31},"end":{"line":658,"column":3}},"line":653},"36":{"name":"(anonymous_36)","decl":{"start":{"line":665,"column":2},"end":{"line":665,"column":3}},"loc":{"start":{"line":665,"column":34},"end":{"line":673,"column":3}},"line":665},"37":{"name":"(anonymous_37)","decl":{"start":{"line":680,"column":2},"end":{"line":680,"column":3}},"loc":{"start":{"line":680,"column":39},"end":{"line":690,"column":3}},"line":680},"38":{"name":"(anonymous_38)","decl":{"start":{"line":697,"column":2},"end":{"line":697,"column":3}},"loc":{"start":{"line":697,"column":40},"end":{"line":779,"column":3}},"line":697},"39":{"name":"(anonymous_39)","decl":{"start":{"line":703,"column":8},"end":{"line":703,"column":9}},"loc":{"start":{"line":703,"column":15},"end":{"line":703,"column":38}},"line":703},"40":{"name":"(anonymous_40)","decl":{"start":{"line":712,"column":20},"end":{"line":712,"column":21}},"loc":{"start":{"line":712,"column":27},"end":{"line":712,"column":50}},"line":712},"41":{"name":"(anonymous_41)","decl":{"start":{"line":721,"column":8},"end":{"line":721,"column":9}},"loc":{"start":{"line":721,"column":20},"end":{"line":721,"column":46}},"line":721},"42":{"name":"(anonymous_42)","decl":{"start":{"line":748,"column":10},"end":{"line":748,"column":11}},"loc":{"start":{"line":748,"column":17},"end":{"line":748,"column":43}},"line":748},"43":{"name":"(anonymous_43)","decl":{"start":{"line":758,"column":20},"end":{"line":758,"column":21}},"loc":{"start":{"line":758,"column":27},"end":{"line":758,"column":53}},"line":758},"44":{"name":"(anonymous_44)","decl":{"start":{"line":775,"column":32},"end":{"line":775,"column":33}},"loc":{"start":{"line":775,"column":42},"end":{"line":778,"column":5}},"line":775}},"branchMap":{"0":{"loc":{"start":{"line":70,"column":4},"end":{"line":72,"column":5}},"type":"if","locations":[{"start":{"line":70,"column":4},"end":{"line":72,"column":5}},{"start":{},"end":{}}],"line":70},"1":{"loc":{"start":{"line":70,"column":8},"end":{"line":70,"column":43}},"type":"binary-expr","locations":[{"start":{"line":70,"column":8},"end":{"line":70,"column":14}},{"start":{"line":70,"column":18},"end":{"line":70,"column":43}}],"line":70},"2":{"loc":{"start":{"line":76,"column":4},"end":{"line":78,"column":5}},"type":"if","locations":[{"start":{"line":76,"column":4},"end":{"line":78,"column":5}},{"start":{},"end":{}}],"line":76},"3":{"loc":{"start":{"line":79,"column":4},"end":{"line":81,"column":5}},"type":"if","locations":[{"start":{"line":79,"column":4},"end":{"line":81,"column":5}},{"start":{},"end":{}}],"line":79},"4":{"loc":{"start":{"line":82,"column":4},"end":{"line":84,"column":5}},"type":"if","locations":[{"start":{"line":82,"column":4},"end":{"line":84,"column":5}},{"start":{},"end":{}}],"line":82},"5":{"loc":{"start":{"line":82,"column":8},"end":{"line":82,"column":49}},"type":"binary-expr","locations":[{"start":{"line":82,"column":8},"end":{"line":82,"column":17}},{"start":{"line":82,"column":21},"end":{"line":82,"column":49}}],"line":82},"6":{"loc":{"start":{"line":89,"column":6},"end":{"line":91,"column":7}},"type":"if","locations":[{"start":{"line":89,"column":6},"end":{"line":91,"column":7}},{"start":{},"end":{}}],"line":89},"7":{"loc":{"start":{"line":92,"column":6},"end":{"line":94,"column":7}},"type":"if","locations":[{"start":{"line":92,"column":6},"end":{"line":94,"column":7}},{"start":{},"end":{}}],"line":92},"8":{"loc":{"start":{"line":92,"column":10},"end":{"line":92,"column":74}},"type":"binary-expr","locations":[{"start":{"line":92,"column":10},"end":{"line":92,"column":43}},{"start":{"line":92,"column":47},"end":{"line":92,"column":74}}],"line":92},"9":{"loc":{"start":{"line":99,"column":6},"end":{"line":101,"column":7}},"type":"if","locations":[{"start":{"line":99,"column":6},"end":{"line":101,"column":7}},{"start":{},"end":{}}],"line":99},"10":{"loc":{"start":{"line":99,"column":10},"end":{"line":99,"column":39}},"type":"binary-expr","locations":[{"start":{"line":99,"column":10},"end":{"line":99,"column":13}},{"start":{"line":99,"column":17},"end":{"line":99,"column":39}}],"line":99},"11":{"loc":{"start":{"line":102,"column":6},"end":{"line":104,"column":7}},"type":"if","locations":[{"start":{"line":102,"column":6},"end":{"line":104,"column":7}},{"start":{},"end":{}}],"line":102},"12":{"loc":{"start":{"line":102,"column":10},"end":{"line":102,"column":43}},"type":"binary-expr","locations":[{"start":{"line":102,"column":10},"end":{"line":102,"column":15}},{"start":{"line":102,"column":19},"end":{"line":102,"column":43}}],"line":102},"13":{"loc":{"start":{"line":105,"column":6},"end":{"line":107,"column":7}},"type":"if","locations":[{"start":{"line":105,"column":6},"end":{"line":107,"column":7}},{"start":{},"end":{}}],"line":105},"14":{"loc":{"start":{"line":108,"column":6},"end":{"line":110,"column":7}},"type":"if","locations":[{"start":{"line":108,"column":6},"end":{"line":110,"column":7}},{"start":{},"end":{}}],"line":108},"15":{"loc":{"start":{"line":108,"column":10},"end":{"line":108,"column":81}},"type":"binary-expr","locations":[{"start":{"line":108,"column":10},"end":{"line":108,"column":43}},{"start":{"line":108,"column":47},"end":{"line":108,"column":81}}],"line":108},"16":{"loc":{"start":{"line":115,"column":6},"end":{"line":117,"column":7}},"type":"if","locations":[{"start":{"line":115,"column":6},"end":{"line":117,"column":7}},{"start":{},"end":{}}],"line":115},"17":{"loc":{"start":{"line":115,"column":10},"end":{"line":115,"column":43}},"type":"binary-expr","locations":[{"start":{"line":115,"column":10},"end":{"line":115,"column":15}},{"start":{"line":115,"column":19},"end":{"line":115,"column":43}}],"line":115},"18":{"loc":{"start":{"line":118,"column":6},"end":{"line":120,"column":7}},"type":"if","locations":[{"start":{"line":118,"column":6},"end":{"line":120,"column":7}},{"start":{},"end":{}}],"line":118},"19":{"loc":{"start":{"line":118,"column":10},"end":{"line":118,"column":52}},"type":"binary-expr","locations":[{"start":{"line":118,"column":10},"end":{"line":118,"column":29}},{"start":{"line":118,"column":33},"end":{"line":118,"column":52}}],"line":118},"20":{"loc":{"start":{"line":133,"column":6},"end":{"line":140,"column":7}},"type":"if","locations":[{"start":{"line":133,"column":6},"end":{"line":140,"column":7}},{"start":{},"end":{}}],"line":133},"21":{"loc":{"start":{"line":138,"column":18},"end":{"line":138,"column":67}},"type":"cond-expr","locations":[{"start":{"line":138,"column":41},"end":{"line":138,"column":51}},{"start":{"line":138,"column":54},"end":{"line":138,"column":67}}],"line":138},"22":{"loc":{"start":{"line":158,"column":6},"end":{"line":160,"column":7}},"type":"if","locations":[{"start":{"line":158,"column":6},"end":{"line":160,"column":7}},{"start":{},"end":{}}],"line":158},"23":{"loc":{"start":{"line":162,"column":6},"end":{"line":171,"column":7}},"type":"if","locations":[{"start":{"line":162,"column":6},"end":{"line":171,"column":7}},{"start":{},"end":{}}],"line":162},"24":{"loc":{"start":{"line":192,"column":6},"end":{"line":203,"column":7}},"type":"if","locations":[{"start":{"line":192,"column":6},"end":{"line":203,"column":7}},{"start":{},"end":{}}],"line":192},"25":{"loc":{"start":{"line":205,"column":6},"end":{"line":207,"column":7}},"type":"if","locations":[{"start":{"line":205,"column":6},"end":{"line":207,"column":7}},{"start":{},"end":{}}],"line":205},"26":{"loc":{"start":{"line":214,"column":6},"end":{"line":218,"column":7}},"type":"if","locations":[{"start":{"line":214,"column":6},"end":{"line":218,"column":7}},{"start":{},"end":{}}],"line":214},"27":{"loc":{"start":{"line":225,"column":6},"end":{"line":227,"column":7}},"type":"if","locations":[{"start":{"line":225,"column":6},"end":{"line":227,"column":7}},{"start":{},"end":{}}],"line":225},"28":{"loc":{"start":{"line":250,"column":6},"end":{"line":252,"column":7}},"type":"if","locations":[{"start":{"line":250,"column":6},"end":{"line":252,"column":7}},{"start":{},"end":{}}],"line":250},"29":{"loc":{"start":{"line":272,"column":6},"end":{"line":278,"column":7}},"type":"if","locations":[{"start":{"line":272,"column":6},"end":{"line":278,"column":7}},{"start":{},"end":{}}],"line":272},"30":{"loc":{"start":{"line":290,"column":4},"end":{"line":290,"column":40}},"type":"if","locations":[{"start":{"line":290,"column":4},"end":{"line":290,"column":40}},{"start":{},"end":{}}],"line":290},"31":{"loc":{"start":{"line":295,"column":6},"end":{"line":297,"column":7}},"type":"if","locations":[{"start":{"line":295,"column":6},"end":{"line":297,"column":7}},{"start":{},"end":{}}],"line":295},"32":{"loc":{"start":{"line":364,"column":4},"end":{"line":364,"column":45}},"type":"if","locations":[{"start":{"line":364,"column":4},"end":{"line":364,"column":45}},{"start":{},"end":{}}],"line":364},"33":{"loc":{"start":{"line":365,"column":4},"end":{"line":365,"column":40}},"type":"if","locations":[{"start":{"line":365,"column":4},"end":{"line":365,"column":40}},{"start":{},"end":{}}],"line":365},"34":{"loc":{"start":{"line":366,"column":4},"end":{"line":366,"column":42}},"type":"if","locations":[{"start":{"line":366,"column":4},"end":{"line":366,"column":42}},{"start":{},"end":{}}],"line":366},"35":{"loc":{"start":{"line":367,"column":4},"end":{"line":367,"column":38}},"type":"if","locations":[{"start":{"line":367,"column":4},"end":{"line":367,"column":38}},{"start":{},"end":{}}],"line":367},"36":{"loc":{"start":{"line":395,"column":6},"end":{"line":404,"column":7}},"type":"if","locations":[{"start":{"line":395,"column":6},"end":{"line":404,"column":7}},{"start":{},"end":{}}],"line":395},"37":{"loc":{"start":{"line":423,"column":4},"end":{"line":425,"column":5}},"type":"if","locations":[{"start":{"line":423,"column":4},"end":{"line":425,"column":5}},{"start":{},"end":{}}],"line":423},"38":{"loc":{"start":{"line":430,"column":4},"end":{"line":433,"column":5}},"type":"if","locations":[{"start":{"line":430,"column":4},"end":{"line":433,"column":5}},{"start":{},"end":{}}],"line":430},"39":{"loc":{"start":{"line":430,"column":8},"end":{"line":430,"column":45}},"type":"binary-expr","locations":[{"start":{"line":430,"column":8},"end":{"line":430,"column":13}},{"start":{"line":430,"column":17},"end":{"line":430,"column":45}}],"line":430},"40":{"loc":{"start":{"line":454,"column":29},"end":{"line":454,"column":53}},"type":"binary-expr","locations":[{"start":{"line":454,"column":29},"end":{"line":454,"column":48}},{"start":{"line":454,"column":52},"end":{"line":454,"column":53}}],"line":454},"41":{"loc":{"start":{"line":486,"column":6},"end":{"line":496,"column":7}},"type":"if","locations":[{"start":{"line":486,"column":6},"end":{"line":496,"column":7}},{"start":{},"end":{}}],"line":486},"42":{"loc":{"start":{"line":493,"column":22},"end":{"line":493,"column":48}},"type":"binary-expr","locations":[{"start":{"line":493,"column":22},"end":{"line":493,"column":43}},{"start":{"line":493,"column":47},"end":{"line":493,"column":48}}],"line":493},"43":{"loc":{"start":{"line":517,"column":6},"end":{"line":517,"column":53}},"type":"if","locations":[{"start":{"line":517,"column":6},"end":{"line":517,"column":53}},{"start":{},"end":{}}],"line":517},"44":{"loc":{"start":{"line":517,"column":10},"end":{"line":517,"column":42}},"type":"binary-expr","locations":[{"start":{"line":517,"column":10},"end":{"line":517,"column":19}},{"start":{"line":517,"column":23},"end":{"line":517,"column":42}}],"line":517},"45":{"loc":{"start":{"line":521,"column":6},"end":{"line":521,"column":26}},"type":"if","locations":[{"start":{"line":521,"column":6},"end":{"line":521,"column":26}},{"start":{},"end":{}}],"line":521},"46":{"loc":{"start":{"line":547,"column":6},"end":{"line":569,"column":7}},"type":"if","locations":[{"start":{"line":547,"column":6},"end":{"line":569,"column":7}},{"start":{"line":556,"column":11},"end":{"line":569,"column":7}}],"line":547},"47":{"loc":{"start":{"line":547,"column":10},"end":{"line":547,"column":53}},"type":"binary-expr","locations":[{"start":{"line":547,"column":10},"end":{"line":547,"column":29}},{"start":{"line":547,"column":33},"end":{"line":547,"column":53}}],"line":547},"48":{"loc":{"start":{"line":556,"column":11},"end":{"line":569,"column":7}},"type":"if","locations":[{"start":{"line":556,"column":11},"end":{"line":569,"column":7}},{"start":{},"end":{}}],"line":556},"49":{"loc":{"start":{"line":556,"column":15},"end":{"line":556,"column":56}},"type":"binary-expr","locations":[{"start":{"line":556,"column":15},"end":{"line":556,"column":34}},{"start":{"line":556,"column":38},"end":{"line":556,"column":56}}],"line":556},"50":{"loc":{"start":{"line":560,"column":8},"end":{"line":568,"column":9}},"type":"if","locations":[{"start":{"line":560,"column":8},"end":{"line":568,"column":9}},{"start":{},"end":{}}],"line":560},"51":{"loc":{"start":{"line":611,"column":26},"end":{"line":611,"column":58}},"type":"cond-expr","locations":[{"start":{"line":611,"column":40},"end":{"line":611,"column":54}},{"start":{"line":611,"column":57},"end":{"line":611,"column":58}}],"line":611},"52":{"loc":{"start":{"line":624,"column":6},"end":{"line":635,"column":7}},"type":"if","locations":[{"start":{"line":624,"column":6},"end":{"line":635,"column":7}},{"start":{},"end":{}}],"line":624},"53":{"loc":{"start":{"line":654,"column":4},"end":{"line":654,"column":43}},"type":"if","locations":[{"start":{"line":654,"column":4},"end":{"line":654,"column":43}},{"start":{},"end":{}}],"line":654},"54":{"loc":{"start":{"line":655,"column":4},"end":{"line":655,"column":38}},"type":"if","locations":[{"start":{"line":655,"column":4},"end":{"line":655,"column":38}},{"start":{},"end":{}}],"line":655},"55":{"loc":{"start":{"line":656,"column":4},"end":{"line":656,"column":39}},"type":"if","locations":[{"start":{"line":656,"column":4},"end":{"line":656,"column":39}},{"start":{},"end":{}}],"line":656},"56":{"loc":{"start":{"line":672,"column":11},"end":{"line":672,"column":58}},"type":"cond-expr","locations":[{"start":{"line":672,"column":28},"end":{"line":672,"column":54}},{"start":{"line":672,"column":57},"end":{"line":672,"column":58}}],"line":672},"57":{"loc":{"start":{"line":701,"column":4},"end":{"line":716,"column":5}},"type":"if","locations":[{"start":{"line":701,"column":4},"end":{"line":716,"column":5}},{"start":{},"end":{}}],"line":701},"58":{"loc":{"start":{"line":705,"column":6},"end":{"line":715,"column":7}},"type":"if","locations":[{"start":{"line":705,"column":6},"end":{"line":715,"column":7}},{"start":{},"end":{}}],"line":705},"59":{"loc":{"start":{"line":719,"column":4},"end":{"line":731,"column":5}},"type":"if","locations":[{"start":{"line":719,"column":4},"end":{"line":731,"column":5}},{"start":{},"end":{}}],"line":719},"60":{"loc":{"start":{"line":734,"column":4},"end":{"line":742,"column":5}},"type":"if","locations":[{"start":{"line":734,"column":4},"end":{"line":742,"column":5}},{"start":{},"end":{}}],"line":734},"61":{"loc":{"start":{"line":745,"column":4},"end":{"line":762,"column":5}},"type":"if","locations":[{"start":{"line":745,"column":4},"end":{"line":762,"column":5}},{"start":{},"end":{}}],"line":745},"62":{"loc":{"start":{"line":751,"column":6},"end":{"line":761,"column":7}},"type":"if","locations":[{"start":{"line":751,"column":6},"end":{"line":761,"column":7}},{"start":{},"end":{}}],"line":751},"63":{"loc":{"start":{"line":765,"column":4},"end":{"line":773,"column":5}},"type":"if","locations":[{"start":{"line":765,"column":4},"end":{"line":773,"column":5}},{"start":{},"end":{}}],"line":765}},"s":{"0":10,"1":4,"2":2,"3":2,"4":2,"5":2,"6":2,"7":2,"8":2,"9":2,"10":2,"11":2,"12":1,"13":2,"14":2,"15":4,"16":1,"17":3,"18":3,"19":1,"20":2,"21":0,"22":2,"23":0,"24":2,"25":2,"26":6,"27":0,"28":6,"29":0,"30":2,"31":15,"32":0,"33":15,"34":0,"35":15,"36":0,"37":15,"38":0,"39":2,"40":9,"41":0,"42":9,"43":0,"44":3,"45":3,"46":17,"47":7,"48":3,"49":10,"50":3,"51":3,"52":16,"53":16,"54":0,"55":16,"56":2,"57":3,"58":0,"59":3,"60":3,"61":3,"62":3,"63":21,"64":2,"65":2,"66":2,"67":2,"68":2,"69":19,"70":1,"71":18,"72":18,"73":18,"74":18,"75":18,"76":18,"77":12,"78":18,"79":3,"80":18,"81":9,"82":3,"83":3,"84":0,"85":2,"86":2,"87":2,"88":7,"89":7,"90":7,"91":2,"92":3,"93":3,"94":3,"95":2,"96":2,"97":2,"98":2,"99":2,"100":3,"101":2,"102":0,"103":2,"104":2,"105":2,"106":3,"107":0,"108":2,"109":2,"110":2,"111":2,"112":15,"113":15,"114":2,"115":38,"116":15,"117":15,"118":15,"119":15,"120":15,"121":15,"122":15,"123":0,"124":15,"125":0,"126":15,"127":0,"128":15,"129":1,"130":14,"131":2,"132":2,"133":2,"134":15,"135":15,"136":15,"137":2,"138":15,"139":2,"140":2,"141":2,"142":15,"143":1,"144":1,"145":2,"146":0,"147":29,"148":2,"149":27,"150":27,"151":27,"152":13,"153":13,"154":14,"155":14,"156":14,"157":14,"158":14,"159":14,"160":2,"161":2,"162":15,"163":2,"164":2,"165":2,"166":2,"167":15,"168":2,"169":15,"170":2,"171":15,"172":2,"173":2,"174":2,"175":15,"176":15,"177":4,"178":2,"179":3,"180":4,"181":4,"182":4,"183":4,"184":11,"185":2,"186":9,"187":9,"188":9,"189":0,"190":9,"191":9,"192":7,"193":7,"194":9,"195":4,"196":4,"197":2,"198":2,"199":15,"200":1,"201":14,"202":5,"203":5,"204":5,"205":2,"206":10,"207":5,"208":5,"209":30,"210":2,"211":2,"212":15,"213":15,"214":15,"215":15,"216":15,"217":15,"218":2,"219":2,"220":15,"221":15,"222":15,"223":0,"224":2,"225":0,"226":15,"227":0,"228":15,"229":0,"230":15,"231":0,"232":15,"233":2,"234":2,"235":15,"236":2,"237":2,"238":2,"239":15,"240":15,"241":15,"242":2,"243":2,"244":2,"245":1,"246":6,"247":1,"248":1,"249":6,"250":2,"251":1,"252":1,"253":1,"254":2,"255":1,"256":2,"257":0,"258":0,"259":0,"260":0,"261":0,"262":2,"263":1,"264":2,"265":6,"266":6,"267":1},"f":{"0":10,"1":4,"2":1,"3":4,"4":3,"5":10,"6":3,"7":0,"8":3,"9":21,"10":0,"11":2,"12":3,"13":2,"14":2,"15":38,"16":15,"17":15,"18":2,"19":15,"20":0,"21":29,"22":2,"23":2,"24":15,"25":15,"26":3,"27":4,"28":11,"29":2,"30":10,"31":5,"32":30,"33":2,"34":0,"35":15,"36":2,"37":2,"38":2,"39":6,"40":6,"41":1,"42":0,"43":0,"44":6},"b":{"0":[1,3],"1":[4,3],"2":[1,2],"3":[0,2],"4":[0,2],"5":[2,2],"6":[0,6],"7":[0,6],"8":[6,6],"9":[0,15],"10":[15,15],"11":[0,15],"12":[15,15],"13":[0,15],"14":[0,15],"15":[15,15],"16":[0,9],"17":[9,9],"18":[0,9],"19":[9,9],"20":[7,10],"21":[2,5],"22":[0,16],"23":[2,14],"24":[2,19],"25":[1,18],"26":[18,0],"27":[9,9],"28":[7,0],"29":[2,0],"30":[0,2],"31":[0,3],"32":[0,15],"33":[0,15],"34":[0,15],"35":[1,14],"36":[1,14],"37":[2,27],"38":[13,14],"39":[27,27],"40":[15,4],"41":[4,11],"42":[4,0],"43":[2,9],"44":[11,11],"45":[0,9],"46":[1,14],"47":[15,6],"48":[5,9],"49":[14,5],"50":[5,0],"51":[14,1],"52":[0,15],"53":[0,15],"54":[0,15],"55":[0,15],"56":[1,1],"57":[1,1],"58":[1,0],"59":[1,1],"60":[1,1],"61":[0,2],"62":[0,0],"63":[1,1]},"_coverageSchema":"1a1c01bbd47fc00a2c39e90264f33305004495a9","hash":"6b309de564c15ee6c6473741187a07903d96fe0c","contentHash":"10dbab4d565eef4499befc43776e98b3c47b0688a2f714b7cd747eaf004f768b"},"C:\\Users\\82109\\WorkBuddy\\2026-08-12-17-18-10\\da-fix\\src\\modules\\CacheManager.js":{"path":"C:\\Users\\82109\\WorkBuddy\\2026-08-12-17-18-10\\da-fix\\src\\modules\\CacheManager.js","statementMap":{"0":{"start":{"line":1,"column":11},"end":{"line":1,"column":30}},"1":{"start":{"line":2,"column":13},"end":{"line":2,"column":28}},"2":{"start":{"line":3,"column":15},"end":{"line":3,"column":32}},"3":{"start":{"line":11,"column":4},"end":{"line":17,"column":6}},"4":{"start":{"line":19,"column":4},"end":{"line":19,"column":33}},"5":{"start":{"line":20,"column":4},"end":{"line":20,"column":25}},"6":{"start":{"line":21,"column":4},"end":{"line":21,"column":40}},"7":{"start":{"line":29,"column":4},"end":{"line":31,"column":5}},"8":{"start":{"line":30,"column":6},"end":{"line":30,"column":44}},"9":{"start":{"line":32,"column":4},"end":{"line":35,"column":6}},"10":{"start":{"line":36,"column":4},"end":{"line":36,"column":38}},"11":{"start":{"line":46,"column":17},"end":{"line":46,"column":48}},"12":{"start":{"line":47,"column":4},"end":{"line":47,"column":63}},"13":{"start":{"line":57,"column":4},"end":{"line":61,"column":5}},"14":{"start":{"line":59,"column":23},"end":{"line":59,"column":59}},"15":{"start":{"line":60,"column":6},"end":{"line":60,"column":40}},"16":{"start":{"line":63,"column":4},"end":{"line":66,"column":7}},"17":{"start":{"line":75,"column":18},"end":{"line":75,"column":43}},"18":{"start":{"line":76,"column":4},"end":{"line":79,"column":5}},"19":{"start":{"line":77,"column":6},"end":{"line":77,"column":26}},"20":{"start":{"line":78,"column":6},"end":{"line":78,"column":18}},"21":{"start":{"line":82,"column":4},"end":{"line":86,"column":5}},"22":{"start":{"line":83,"column":6},"end":{"line":83,"column":35}},"23":{"start":{"line":84,"column":6},"end":{"line":84,"column":26}},"24":{"start":{"line":85,"column":6},"end":{"line":85,"column":18}},"25":{"start":{"line":88,"column":4},"end":{"line":88,"column":22}},"26":{"start":{"line":89,"column":4},"end":{"line":89,"column":23}},"27":{"start":{"line":99,"column":4},"end":{"line":99,"column":31}},"28":{"start":{"line":99,"column":24},"end":{"line":99,"column":31}},"29":{"start":{"line":101,"column":22},"end":{"line":106,"column":5}},"30":{"start":{"line":108,"column":22},"end":{"line":108,"column":61}},"31":{"start":{"line":109,"column":4},"end":{"line":109,"column":60}},"32":{"start":{"line":119,"column":4},"end":{"line":119,"column":36}},"33":{"start":{"line":119,"column":24},"end":{"line":119,"column":36}},"34":{"start":{"line":121,"column":22},"end":{"line":121,"column":61}},"35":{"start":{"line":123,"column":4},"end":{"line":146,"column":5}},"36":{"start":{"line":124,"column":6},"end":{"line":126,"column":7}},"37":{"start":{"line":125,"column":8},"end":{"line":125,"column":20}},"38":{"start":{"line":128,"column":24},"end":{"line":128,"column":52}},"39":{"start":{"line":131,"column":6},"end":{"line":133,"column":7}},"40":{"start":{"line":132,"column":8},"end":{"line":132,"column":20}},"41":{"start":{"line":136,"column":6},"end":{"line":141,"column":7}},"42":{"start":{"line":137,"column":21},"end":{"line":137,"column":42}},"43":{"start":{"line":138,"column":8},"end":{"line":140,"column":9}},"44":{"start":{"line":139,"column":10},"end":{"line":139,"column":22}},"45":{"start":{"line":143,"column":6},"end":{"line":143,"column":29}},"46":{"start":{"line":145,"column":6},"end":{"line":145,"column":18}},"47":{"start":{"line":156,"column":4},"end":{"line":156,"column":42}},"48":{"start":{"line":156,"column":30},"end":{"line":156,"column":42}},"49":{"start":{"line":158,"column":21},"end":{"line":158,"column":61}},"50":{"start":{"line":161,"column":25},"end":{"line":161,"column":53}},"51":{"start":{"line":162,"column":4},"end":{"line":164,"column":5}},"52":{"start":{"line":163,"column":6},"end":{"line":163,"column":26}},"53":{"start":{"line":167,"column":23},"end":{"line":167,"column":65}},"54":{"start":{"line":168,"column":4},"end":{"line":172,"column":5}},"55":{"start":{"line":170,"column":6},"end":{"line":170,"column":45}},"56":{"start":{"line":171,"column":6},"end":{"line":171,"column":24}},"57":{"start":{"line":174,"column":4},"end":{"line":174,"column":16}},"58":{"start":{"line":184,"column":4},"end":{"line":184,"column":37}},"59":{"start":{"line":184,"column":30},"end":{"line":184,"column":37}},"60":{"start":{"line":186,"column":21},"end":{"line":186,"column":61}},"61":{"start":{"line":189,"column":4},"end":{"line":189,"column":38}},"62":{"start":{"line":190,"column":4},"end":{"line":190,"column":52}},"63":{"start":{"line":199,"column":21},"end":{"line":199,"column":61}},"64":{"start":{"line":200,"column":4},"end":{"line":200,"column":38}},"65":{"start":{"line":202,"column":4},"end":{"line":205,"column":5}},"66":{"start":{"line":203,"column":24},"end":{"line":203,"column":68}},"67":{"start":{"line":204,"column":6},"end":{"line":204,"column":49}},"68":{"start":{"line":212,"column":4},"end":{"line":212,"column":29}},"69":{"start":{"line":214,"column":4},"end":{"line":217,"column":5}},"70":{"start":{"line":215,"column":6},"end":{"line":215,"column":37}},"71":{"start":{"line":216,"column":6},"end":{"line":216,"column":40}},"72":{"start":{"line":224,"column":4},"end":{"line":224,"column":72}},"73":{"start":{"line":224,"column":65},"end":{"line":224,"column":72}},"74":{"start":{"line":226,"column":18},"end":{"line":226,"column":49}},"75":{"start":{"line":228,"column":4},"end":{"line":241,"column":5}},"76":{"start":{"line":229,"column":6},"end":{"line":229,"column":44}},"77":{"start":{"line":229,"column":35},"end":{"line":229,"column":44}},"78":{"start":{"line":231,"column":23},"end":{"line":231,"column":53}},"79":{"start":{"line":232,"column":6},"end":{"line":240,"column":7}},"80":{"start":{"line":233,"column":26},"end":{"line":233,"column":53}},"81":{"start":{"line":234,"column":8},"end":{"line":236,"column":9}},"82":{"start":{"line":235,"column":10},"end":{"line":235,"column":36}},"83":{"start":{"line":239,"column":8},"end":{"line":239,"column":50}},"84":{"start":{"line":249,"column":20},"end":{"line":249,"column":21}},"85":{"start":{"line":251,"column":4},"end":{"line":254,"column":5}},"86":{"start":{"line":252,"column":20},"end":{"line":252,"column":51}},"87":{"start":{"line":253,"column":6},"end":{"line":253,"column":66}},"88":{"start":{"line":253,"column":38},"end":{"line":253,"column":57}},"89":{"start":{"line":256,"column":23},"end":{"line":256,"column":77}},"90":{"start":{"line":258,"column":4},"end":{"line":271,"column":6}},"91":{"start":{"line":275,"column":0},"end":{"line":275,"column":30}}},"fnMap":{"0":{"name":"(anonymous_0)","decl":{"start":{"line":10,"column":2},"end":{"line":10,"column":3}},"loc":{"start":{"line":10,"column":27},"end":{"line":22,"column":3}},"line":10},"1":{"name":"(anonymous_1)","decl":{"start":{"line":28,"column":2},"end":{"line":28,"column":3}},"loc":{"start":{"line":28,"column":32},"end":{"line":37,"column":3}},"line":28},"2":{"name":"(anonymous_2)","decl":{"start":{"line":45,"column":2},"end":{"line":45,"column":3}},"loc":{"start":{"line":45,"column":37},"end":{"line":48,"column":3}},"line":45},"3":{"name":"(anonymous_3)","decl":{"start":{"line":55,"column":2},"end":{"line":55,"column":3}},"loc":{"start":{"line":55,"column":26},"end":{"line":67,"column":3}},"line":55},"4":{"name":"(anonymous_4)","decl":{"start":{"line":74,"column":2},"end":{"line":74,"column":3}},"loc":{"start":{"line":74,"column":21},"end":{"line":90,"column":3}},"line":74},"5":{"name":"(anonymous_5)","decl":{"start":{"line":98,"column":2},"end":{"line":98,"column":3}},"loc":{"start":{"line":98,"column":47},"end":{"line":110,"column":3}},"line":98},"6":{"name":"(anonymous_6)","decl":{"start":{"line":118,"column":2},"end":{"line":118,"column":3}},"loc":{"start":{"line":118,"column":42},"end":{"line":147,"column":3}},"line":118},"7":{"name":"(anonymous_7)","decl":{"start":{"line":155,"column":2},"end":{"line":155,"column":3}},"loc":{"start":{"line":155,"column":34},"end":{"line":175,"column":3}},"line":155},"8":{"name":"(anonymous_8)","decl":{"start":{"line":183,"column":2},"end":{"line":183,"column":3}},"loc":{"start":{"line":183,"column":41},"end":{"line":191,"column":3}},"line":183},"9":{"name":"(anonymous_9)","decl":{"start":{"line":198,"column":2},"end":{"line":198,"column":3}},"loc":{"start":{"line":198,"column":37},"end":{"line":206,"column":3}},"line":198},"10":{"name":"(anonymous_10)","decl":{"start":{"line":204,"column":39},"end":{"line":204,"column":40}},"loc":{"start":{"line":204,"column":45},"end":{"line":204,"column":47}},"line":204},"11":{"name":"(anonymous_11)","decl":{"start":{"line":211,"column":2},"end":{"line":211,"column":3}},"loc":{"start":{"line":211,"column":16},"end":{"line":218,"column":3}},"line":211},"12":{"name":"(anonymous_12)","decl":{"start":{"line":223,"column":2},"end":{"line":223,"column":3}},"loc":{"start":{"line":223,"column":28},"end":{"line":242,"column":3}},"line":223},"13":{"name":"(anonymous_13)","decl":{"start":{"line":239,"column":40},"end":{"line":239,"column":41}},"loc":{"start":{"line":239,"column":46},"end":{"line":239,"column":48}},"line":239},"14":{"name":"(anonymous_14)","decl":{"start":{"line":248,"column":2},"end":{"line":248,"column":3}},"loc":{"start":{"line":248,"column":19},"end":{"line":272,"column":3}},"line":248},"15":{"name":"(anonymous_15)","decl":{"start":{"line":253,"column":31},"end":{"line":253,"column":32}},"loc":{"start":{"line":253,"column":38},"end":{"line":253,"column":57}},"line":253}},"branchMap":{"0":{"loc":{"start":{"line":10,"column":14},"end":{"line":10,"column":25}},"type":"default-arg","locations":[{"start":{"line":10,"column":23},"end":{"line":10,"column":25}}],"line":10},"1":{"loc":{"start":{"line":13,"column":11},"end":{"line":13,"column":32}},"type":"binary-expr","locations":[{"start":{"line":13,"column":11},"end":{"line":13,"column":21}},{"start":{"line":13,"column":25},"end":{"line":13,"column":32}}],"line":13},"2":{"loc":{"start":{"line":14,"column":17},"end":{"line":14,"column":58}},"type":"binary-expr","locations":[{"start":{"line":14,"column":17},"end":{"line":14,"column":33}},{"start":{"line":14,"column":37},"end":{"line":14,"column":58}}],"line":14},"3":{"loc":{"start":{"line":15,"column":22},"end":{"line":15,"column":51}},"type":"binary-expr","locations":[{"start":{"line":15,"column":22},"end":{"line":15,"column":43}},{"start":{"line":15,"column":47},"end":{"line":15,"column":51}}],"line":15},"4":{"loc":{"start":{"line":16,"column":19},"end":{"line":16,"column":45}},"type":"binary-expr","locations":[{"start":{"line":16,"column":19},"end":{"line":16,"column":37}},{"start":{"line":16,"column":41},"end":{"line":16,"column":45}}],"line":16},"5":{"loc":{"start":{"line":29,"column":4},"end":{"line":31,"column":5}},"type":"if","locations":[{"start":{"line":29,"column":4},"end":{"line":31,"column":5}},{"start":{},"end":{}}],"line":29},"6":{"loc":{"start":{"line":45,"column":24},"end":{"line":45,"column":35}},"type":"default-arg","locations":[{"start":{"line":45,"column":33},"end":{"line":45,"column":35}}],"line":45},"7":{"loc":{"start":{"line":57,"column":4},"end":{"line":61,"column":5}},"type":"if","locations":[{"start":{"line":57,"column":4},"end":{"line":61,"column":5}},{"start":{},"end":{}}],"line":57},"8":{"loc":{"start":{"line":76,"column":4},"end":{"line":79,"column":5}},"type":"if","locations":[{"start":{"line":76,"column":4},"end":{"line":79,"column":5}},{"start":{},"end":{}}],"line":76},"9":{"loc":{"start":{"line":82,"column":4},"end":{"line":86,"column":5}},"type":"if","locations":[{"start":{"line":82,"column":4},"end":{"line":86,"column":5}},{"start":{},"end":{}}],"line":82},"10":{"loc":{"start":{"line":98,"column":30},"end":{"line":98,"column":45}},"type":"default-arg","locations":[{"start":{"line":98,"column":41},"end":{"line":98,"column":45}}],"line":98},"11":{"loc":{"start":{"line":99,"column":4},"end":{"line":99,"column":31}},"type":"if","locations":[{"start":{"line":99,"column":4},"end":{"line":99,"column":31}},{"start":{},"end":{}}],"line":99},"12":{"loc":{"start":{"line":104,"column":16},"end":{"line":104,"column":32}},"type":"binary-expr","locations":[{"start":{"line":104,"column":16},"end":{"line":104,"column":24}},{"start":{"line":104,"column":28},"end":{"line":104,"column":32}}],"line":104},"13":{"loc":{"start":{"line":105,"column":13},"end":{"line":105,"column":68}},"type":"cond-expr","locations":[{"start":{"line":105,"column":24},"end":{"line":105,"column":61}},{"start":{"line":105,"column":64},"end":{"line":105,"column":68}}],"line":105},"14":{"loc":{"start":{"line":118,"column":25},"end":{"line":118,"column":40}},"type":"default-arg","locations":[{"start":{"line":118,"column":36},"end":{"line":118,"column":40}}],"line":118},"15":{"loc":{"start":{"line":119,"column":4},"end":{"line":119,"column":36}},"type":"if","locations":[{"start":{"line":119,"column":4},"end":{"line":119,"column":36}},{"start":{},"end":{}}],"line":119},"16":{"loc":{"start":{"line":124,"column":6},"end":{"line":126,"column":7}},"type":"if","locations":[{"start":{"line":124,"column":6},"end":{"line":126,"column":7}},{"start":{},"end":{}}],"line":124},"17":{"loc":{"start":{"line":131,"column":6},"end":{"line":133,"column":7}},"type":"if","locations":[{"start":{"line":131,"column":6},"end":{"line":133,"column":7}},{"start":{},"end":{}}],"line":131},"18":{"loc":{"start":{"line":136,"column":6},"end":{"line":141,"column":7}},"type":"if","locations":[{"start":{"line":136,"column":6},"end":{"line":141,"column":7}},{"start":{},"end":{}}],"line":136},"19":{"loc":{"start":{"line":136,"column":10},"end":{"line":136,"column":46}},"type":"binary-expr","locations":[{"start":{"line":136,"column":10},"end":{"line":136,"column":18}},{"start":{"line":136,"column":22},"end":{"line":136,"column":46}}],"line":136},"20":{"loc":{"start":{"line":138,"column":8},"end":{"line":140,"column":9}},"type":"if","locations":[{"start":{"line":138,"column":8},"end":{"line":140,"column":9}},{"start":{},"end":{}}],"line":138},"21":{"loc":{"start":{"line":155,"column":17},"end":{"line":155,"column":32}},"type":"default-arg","locations":[{"start":{"line":155,"column":28},"end":{"line":155,"column":32}}],"line":155},"22":{"loc":{"start":{"line":156,"column":4},"end":{"line":156,"column":42}},"type":"if","locations":[{"start":{"line":156,"column":4},"end":{"line":156,"column":42}},{"start":{},"end":{}}],"line":156},"23":{"loc":{"start":{"line":162,"column":4},"end":{"line":164,"column":5}},"type":"if","locations":[{"start":{"line":162,"column":4},"end":{"line":164,"column":5}},{"start":{},"end":{}}],"line":162},"24":{"loc":{"start":{"line":168,"column":4},"end":{"line":172,"column":5}},"type":"if","locations":[{"start":{"line":168,"column":4},"end":{"line":172,"column":5}},{"start":{},"end":{}}],"line":168},"25":{"loc":{"start":{"line":183,"column":24},"end":{"line":183,"column":39}},"type":"default-arg","locations":[{"start":{"line":183,"column":35},"end":{"line":183,"column":39}}],"line":183},"26":{"loc":{"start":{"line":184,"column":4},"end":{"line":184,"column":37}},"type":"if","locations":[{"start":{"line":184,"column":4},"end":{"line":184,"column":37}},{"start":{},"end":{}}],"line":184},"27":{"loc":{"start":{"line":198,"column":20},"end":{"line":198,"column":35}},"type":"default-arg","locations":[{"start":{"line":198,"column":31},"end":{"line":198,"column":35}}],"line":198},"28":{"loc":{"start":{"line":202,"column":4},"end":{"line":205,"column":5}},"type":"if","locations":[{"start":{"line":202,"column":4},"end":{"line":205,"column":5}},{"start":{},"end":{}}],"line":202},"29":{"loc":{"start":{"line":214,"column":4},"end":{"line":217,"column":5}},"type":"if","locations":[{"start":{"line":214,"column":4},"end":{"line":217,"column":5}},{"start":{},"end":{}}],"line":214},"30":{"loc":{"start":{"line":214,"column":8},"end":{"line":214,"column":61}},"type":"binary-expr","locations":[{"start":{"line":214,"column":8},"end":{"line":214,"column":21}},{"start":{"line":214,"column":26},"end":{"line":214,"column":60}}],"line":214},"31":{"loc":{"start":{"line":224,"column":4},"end":{"line":224,"column":72}},"type":"if","locations":[{"start":{"line":224,"column":4},"end":{"line":224,"column":72}},{"start":{},"end":{}}],"line":224},"32":{"loc":{"start":{"line":224,"column":8},"end":{"line":224,"column":63}},"type":"binary-expr","locations":[{"start":{"line":224,"column":8},"end":{"line":224,"column":22}},{"start":{"line":224,"column":26},"end":{"line":224,"column":63}}],"line":224},"33":{"loc":{"start":{"line":229,"column":6},"end":{"line":229,"column":44}},"type":"if","locations":[{"start":{"line":229,"column":6},"end":{"line":229,"column":44}},{"start":{},"end":{}}],"line":229},"34":{"loc":{"start":{"line":234,"column":8},"end":{"line":236,"column":9}},"type":"if","locations":[{"start":{"line":234,"column":8},"end":{"line":236,"column":9}},{"start":{},"end":{}}],"line":234},"35":{"loc":{"start":{"line":251,"column":4},"end":{"line":254,"column":5}},"type":"if","locations":[{"start":{"line":251,"column":4},"end":{"line":254,"column":5}},{"start":{},"end":{}}],"line":251},"36":{"loc":{"start":{"line":251,"column":8},"end":{"line":251,"column":61}},"type":"binary-expr","locations":[{"start":{"line":251,"column":8},"end":{"line":251,"column":21}},{"start":{"line":251,"column":26},"end":{"line":251,"column":60}}],"line":251},"37":{"loc":{"start":{"line":265,"column":8},"end":{"line":270,"column":16}},"type":"cond-expr","locations":[{"start":{"line":266,"column":12},"end":{"line":269,"column":28}},{"start":{"line":270,"column":12},"end":{"line":270,"column":16}}],"line":265}},"s":{"0":1,"1":1,"2":1,"3":23,"4":23,"5":23,"6":23,"7":20,"8":20,"9":20,"10":20,"11":22,"12":22,"13":13,"14":1,"15":1,"16":13,"17":14,"18":14,"19":6,"20":6,"21":8,"22":1,"23":1,"24":1,"25":7,"26":7,"27":12,"28":0,"29":12,"30":12,"31":12,"32":9,"33":0,"34":9,"35":9,"36":9,"37":4,"38":5,"39":5,"40":1,"41":4,"42":3,"43":3,"44":1,"45":3,"46":0,"47":7,"48":1,"49":6,"50":6,"51":6,"52":2,"53":4,"54":4,"55":1,"56":1,"57":3,"58":7,"59":1,"60":6,"61":6,"62":6,"63":0,"64":0,"65":0,"66":0,"67":0,"68":21,"69":21,"70":21,"71":21,"72":1,"73":0,"74":1,"75":1,"76":1,"77":0,"78":1,"79":1,"80":1,"81":1,"82":1,"83":0,"84":1,"85":1,"86":1,"87":1,"88":2,"89":1,"90":1,"91":1},"f":{"0":23,"1":20,"2":22,"3":13,"4":14,"5":12,"6":9,"7":7,"8":7,"9":0,"10":0,"11":21,"12":1,"13":0,"14":1,"15":2},"b":{"0":[0],"1":[23,3],"2":[23,3],"3":[23,22],"4":[23,23],"5":[20,0],"6":[1],"7":[1,12],"8":[6,8],"9":[1,7],"10":[4],"11":[0,12],"12":[12,8],"13":[4,8],"14":[3],"15":[0,9],"16":[4,5],"17":[1,4],"18":[3,1],"19":[4,3],"20":[1,2],"21":[3],"22":[1,6],"23":[2,4],"24":[1,3],"25":[5],"26":[1,6],"27":[0],"28":[0,0],"29":[21,0],"30":[21,21],"31":[0,1],"32":[1,1],"33":[0,1],"34":[1,0],"35":[1,0],"36":[1,1],"37":[0,1]},"_coverageSchema":"1a1c01bbd47fc00a2c39e90264f33305004495a9","hash":"2ab9a228d3b790fd4d5728906cfa0336cdc70872","contentHash":"1ecf3d535f259070287b6492ebf95da811f3deae4bfa9f46f9be23cdea174d4a"},"C:\\Users\\82109\\WorkBuddy\\2026-08-12-17-18-10\\da-fix\\src\\modules\\ConfigManager.js":{"path":"C:\\Users\\82109\\WorkBuddy\\2026-08-12-17-18-10\\da-fix\\src\\modules\\ConfigManager.js","statementMap":{"0":{"start":{"line":1,"column":11},"end":{"line":1,"column":30}},"1":{"start":{"line":2,"column":13},"end":{"line":2,"column":28}},"2":{"start":{"line":10,"column":4},"end":{"line":10,"column":21}},"3":{"start":{"line":11,"column":4},"end":{"line":15,"column":6}},"4":{"start":{"line":24,"column":26},"end":{"line":24,"column":49}},"5":{"start":{"line":25,"column":21},"end":{"line":25,"column":23}},"6":{"start":{"line":28,"column":4},"end":{"line":46,"column":5}},"7":{"start":{"line":29,"column":29},"end":{"line":31,"column":50}},"8":{"start":{"line":32,"column":6},"end":{"line":45,"column":7}},"9":{"start":{"line":33,"column":8},"end":{"line":42,"column":9}},"10":{"start":{"line":34,"column":10},"end":{"line":39,"column":11}},"11":{"start":{"line":35,"column":12},"end":{"line":35,"column":59}},"12":{"start":{"line":37,"column":12},"end":{"line":37,"column":66}},"13":{"start":{"line":38,"column":12},"end":{"line":38,"column":49}},"14":{"start":{"line":41,"column":10},"end":{"line":41,"column":72}},"15":{"start":{"line":44,"column":8},"end":{"line":44,"column":54}},"16":{"start":{"line":49,"column":4},"end":{"line":66,"column":5}},"17":{"start":{"line":50,"column":6},"end":{"line":65,"column":7}},"18":{"start":{"line":51,"column":25},"end":{"line":51,"column":59}},"19":{"start":{"line":52,"column":8},"end":{"line":64,"column":9}},"20":{"start":{"line":53,"column":10},"end":{"line":63,"column":11}},"21":{"start":{"line":54,"column":12},"end":{"line":59,"column":13}},"22":{"start":{"line":55,"column":14},"end":{"line":55,"column":55}},"23":{"start":{"line":57,"column":14},"end":{"line":57,"column":62}},"24":{"start":{"line":58,"column":14},"end":{"line":58,"column":45}},"25":{"start":{"line":60,"column":12},"end":{"line":60,"column":18}},"26":{"start":{"line":62,"column":12},"end":{"line":62,"column":67}},"27":{"start":{"line":69,"column":22},"end":{"line":69,"column":42}},"28":{"start":{"line":71,"column":4},"end":{"line":75,"column":6}},"29":{"start":{"line":77,"column":4},"end":{"line":77,"column":23}},"30":{"start":{"line":85,"column":4},"end":{"line":136,"column":6}},"31":{"start":{"line":144,"column":22},"end":{"line":144,"column":24}},"32":{"start":{"line":146,"column":4},"end":{"line":148,"column":5}},"33":{"start":{"line":147,"column":6},"end":{"line":147,"column":72}},"34":{"start":{"line":150,"column":4},"end":{"line":152,"column":5}},"35":{"start":{"line":151,"column":6},"end":{"line":151,"column":43}},"36":{"start":{"line":154,"column":4},"end":{"line":158,"column":5}},"37":{"start":{"line":155,"column":6},"end":{"line":157,"column":8}},"38":{"start":{"line":160,"column":4},"end":{"line":160,"column":21}},"39":{"start":{"line":169,"column":21},"end":{"line":169,"column":63}},"40":{"start":{"line":171,"column":4},"end":{"line":175,"column":5}},"41":{"start":{"line":172,"column":6},"end":{"line":174,"column":7}},"42":{"start":{"line":173,"column":8},"end":{"line":173,"column":44}},"43":{"start":{"line":178,"column":4},"end":{"line":183,"column":5}},"44":{"start":{"line":182,"column":6},"end":{"line":182,"column":52}},"45":{"start":{"line":185,"column":4},"end":{"line":187,"column":5}},"46":{"start":{"line":186,"column":6},"end":{"line":186,"column":36}},"47":{"start":{"line":189,"column":4},"end":{"line":189,"column":16}},"48":{"start":{"line":199,"column":17},"end":{"line":199,"column":31}},"49":{"start":{"line":200,"column":16},"end":{"line":200,"column":27}},"50":{"start":{"line":202,"column":4},"end":{"line":208,"column":5}},"51":{"start":{"line":203,"column":6},"end":{"line":207,"column":7}},"52":{"start":{"line":204,"column":8},"end":{"line":204,"column":25}},"53":{"start":{"line":206,"column":8},"end":{"line":206,"column":28}},"54":{"start":{"line":210,"column":4},"end":{"line":210,"column":17}},"55":{"start":{"line":219,"column":17},"end":{"line":219,"column":31}},"56":{"start":{"line":220,"column":17},"end":{"line":220,"column":28}},"57":{"start":{"line":222,"column":4},"end":{"line":228,"column":5}},"58":{"start":{"line":222,"column":17},"end":{"line":222,"column":18}},"59":{"start":{"line":223,"column":16},"end":{"line":223,"column":23}},"60":{"start":{"line":224,"column":6},"end":{"line":226,"column":7}},"61":{"start":{"line":225,"column":8},"end":{"line":225,"column":23}},"62":{"start":{"line":227,"column":6},"end":{"line":227,"column":25}},"63":{"start":{"line":230,"column":4},"end":{"line":230,"column":42}},"64":{"start":{"line":234,"column":0},"end":{"line":234,"column":31}}},"fnMap":{"0":{"name":"(anonymous_0)","decl":{"start":{"line":9,"column":2},"end":{"line":9,"column":3}},"loc":{"start":{"line":9,"column":16},"end":{"line":16,"column":3}},"line":9},"1":{"name":"(anonymous_1)","decl":{"start":{"line":23,"column":2},"end":{"line":23,"column":3}},"loc":{"start":{"line":23,"column":57},"end":{"line":78,"column":3}},"line":23},"2":{"name":"(anonymous_2)","decl":{"start":{"line":84,"column":2},"end":{"line":84,"column":3}},"loc":{"start":{"line":84,"column":21},"end":{"line":137,"column":3}},"line":84},"3":{"name":"(anonymous_3)","decl":{"start":{"line":143,"column":2},"end":{"line":143,"column":3}},"loc":{"start":{"line":143,"column":18},"end":{"line":161,"column":3}},"line":143},"4":{"name":"(anonymous_4)","decl":{"start":{"line":168,"column":2},"end":{"line":168,"column":3}},"loc":{"start":{"line":168,"column":25},"end":{"line":190,"column":3}},"line":168},"5":{"name":"(anonymous_5)","decl":{"start":{"line":198,"column":2},"end":{"line":198,"column":3}},"loc":{"start":{"line":198,"column":32},"end":{"line":211,"column":3}},"line":198},"6":{"name":"(anonymous_6)","decl":{"start":{"line":218,"column":2},"end":{"line":218,"column":3}},"loc":{"start":{"line":218,"column":18},"end":{"line":231,"column":3}},"line":218}},"branchMap":{"0":{"loc":{"start":{"line":23,"column":32},"end":{"line":23,"column":55}},"type":"default-arg","locations":[{"start":{"line":23,"column":51},"end":{"line":23,"column":55}}],"line":23},"1":{"loc":{"start":{"line":28,"column":4},"end":{"line":46,"column":5}},"type":"if","locations":[{"start":{"line":28,"column":4},"end":{"line":46,"column":5}},{"start":{},"end":{}}],"line":28},"2":{"loc":{"start":{"line":29,"column":29},"end":{"line":31,"column":50}},"type":"cond-expr","locations":[{"start":{"line":30,"column":10},"end":{"line":30,"column":26}},{"start":{"line":31,"column":10},"end":{"line":31,"column":50}}],"line":29},"3":{"loc":{"start":{"line":32,"column":6},"end":{"line":45,"column":7}},"type":"if","locations":[{"start":{"line":32,"column":6},"end":{"line":45,"column":7}},{"start":{"line":43,"column":13},"end":{"line":45,"column":7}}],"line":32},"4":{"loc":{"start":{"line":34,"column":10},"end":{"line":39,"column":11}},"type":"if","locations":[{"start":{"line":34,"column":10},"end":{"line":39,"column":11}},{"start":{"line":36,"column":17},"end":{"line":39,"column":11}}],"line":34},"5":{"loc":{"start":{"line":49,"column":4},"end":{"line":66,"column":5}},"type":"if","locations":[{"start":{"line":49,"column":4},"end":{"line":66,"column":5}},{"start":{},"end":{}}],"line":49},"6":{"loc":{"start":{"line":49,"column":8},"end":{"line":49,"column":59}},"type":"binary-expr","locations":[{"start":{"line":49,"column":8},"end":{"line":49,"column":19}},{"start":{"line":49,"column":23},"end":{"line":49,"column":59}}],"line":49},"7":{"loc":{"start":{"line":52,"column":8},"end":{"line":64,"column":9}},"type":"if","locations":[{"start":{"line":52,"column":8},"end":{"line":64,"column":9}},{"start":{},"end":{}}],"line":52},"8":{"loc":{"start":{"line":54,"column":12},"end":{"line":59,"column":13}},"type":"if","locations":[{"start":{"line":54,"column":12},"end":{"line":59,"column":13}},{"start":{"line":56,"column":19},"end":{"line":59,"column":13}}],"line":54},"9":{"loc":{"start":{"line":146,"column":4},"end":{"line":148,"column":5}},"type":"if","locations":[{"start":{"line":146,"column":4},"end":{"line":148,"column":5}},{"start":{},"end":{}}],"line":146},"10":{"loc":{"start":{"line":150,"column":4},"end":{"line":152,"column":5}},"type":"if","locations":[{"start":{"line":150,"column":4},"end":{"line":152,"column":5}},{"start":{},"end":{}}],"line":150},"11":{"loc":{"start":{"line":154,"column":4},"end":{"line":158,"column":5}},"type":"if","locations":[{"start":{"line":154,"column":4},"end":{"line":158,"column":5}},{"start":{},"end":{}}],"line":154},"12":{"loc":{"start":{"line":172,"column":6},"end":{"line":174,"column":7}},"type":"if","locations":[{"start":{"line":172,"column":6},"end":{"line":174,"column":7}},{"start":{},"end":{}}],"line":172},"13":{"loc":{"start":{"line":178,"column":4},"end":{"line":183,"column":5}},"type":"if","locations":[{"start":{"line":178,"column":4},"end":{"line":183,"column":5}},{"start":{},"end":{}}],"line":178},"14":{"loc":{"start":{"line":179,"column":6},"end":{"line":180,"column":41}},"type":"binary-expr","locations":[{"start":{"line":179,"column":6},"end":{"line":179,"column":40}},{"start":{"line":180,"column":6},"end":{"line":180,"column":41}}],"line":179},"15":{"loc":{"start":{"line":185,"column":4},"end":{"line":187,"column":5}},"type":"if","locations":[{"start":{"line":185,"column":4},"end":{"line":187,"column":5}},{"start":{},"end":{}}],"line":185},"16":{"loc":{"start":{"line":198,"column":11},"end":{"line":198,"column":30}},"type":"default-arg","locations":[{"start":{"line":198,"column":26},"end":{"line":198,"column":30}}],"line":198},"17":{"loc":{"start":{"line":203,"column":6},"end":{"line":207,"column":7}},"type":"if","locations":[{"start":{"line":203,"column":6},"end":{"line":207,"column":7}},{"start":{"line":205,"column":13},"end":{"line":207,"column":7}}],"line":203},"18":{"loc":{"start":{"line":203,"column":10},"end":{"line":203,"column":58}},"type":"binary-expr","locations":[{"start":{"line":203,"column":10},"end":{"line":203,"column":15}},{"start":{"line":203,"column":19},"end":{"line":203,"column":44}},{"start":{"line":203,"column":48},"end":{"line":203,"column":58}}],"line":203},"19":{"loc":{"start":{"line":224,"column":6},"end":{"line":226,"column":7}},"type":"if","locations":[{"start":{"line":224,"column":6},"end":{"line":226,"column":7}},{"start":{},"end":{}}],"line":224},"20":{"loc":{"start":{"line":224,"column":10},"end":{"line":224,"column":53}},"type":"binary-expr","locations":[{"start":{"line":224,"column":10},"end":{"line":224,"column":20}},{"start":{"line":224,"column":24},"end":{"line":224,"column":53}}],"line":224}},"s":{"0":1,"1":1,"2":16,"3":16,"4":9,"5":9,"6":9,"7":0,"8":0,"9":0,"10":0,"11":0,"12":0,"13":0,"14":0,"15":0,"16":9,"17":9,"18":23,"19":23,"20":4,"21":4,"22":3,"23":1,"24":1,"25":3,"26":1,"27":9,"28":9,"29":9,"30":13,"31":10,"32":10,"33":2,"34":10,"35":1,"36":10,"37":1,"38":10,"39":4,"40":4,"41":14,"42":1,"43":3,"44":1,"45":2,"46":1,"47":1,"48":7,"49":7,"50":7,"51":14,"52":13,"53":1,"54":6,"55":3,"56":3,"57":3,"58":3,"59":4,"60":4,"61":3,"62":4,"63":3,"64":1},"f":{"0":16,"1":9,"2":13,"3":10,"4":4,"5":7,"6":3},"b":{"0":[8],"1":[0,9],"2":[0,0],"3":[0,0],"4":[0,0],"5":[9,0],"6":[9,9],"7":[4,19],"8":[3,1],"9":[2,8],"10":[1,9],"11":[1,9],"12":[1,13],"13":[1,2],"14":[3,3],"15":[1,1],"16":[6],"17":[13,1],"18":[14,14,14],"19":[3,1],"20":[4,1]},"_coverageSchema":"1a1c01bbd47fc00a2c39e90264f33305004495a9","hash":"5f7a47a2584c70938c4756355f0f0e7d22e13658","contentHash":"15415df3da77d88df8ed1a94f85ab1f95646a23c57e93b93c52745deb5ec0dbb"},"C:\\Users\\82109\\WorkBuddy\\2026-08-12-17-18-10\\da-fix\\src\\modules\\Logger.js":{"path":"C:\\Users\\82109\\WorkBuddy\\2026-08-12-17-18-10\\da-fix\\src\\modules\\Logger.js","statementMap":{"0":{"start":{"line":1,"column":11},"end":{"line":1,"column":30}},"1":{"start":{"line":2,"column":13},"end":{"line":2,"column":28}},"2":{"start":{"line":3,"column":14},"end":{"line":3,"column":30}},"3":{"start":{"line":11,"column":4},"end":{"line":19,"column":6}},"4":{"start":{"line":21,"column":4},"end":{"line":27,"column":6}},"5":{"start":{"line":29,"column":4},"end":{"line":35,"column":6}},"6":{"start":{"line":37,"column":4},"end":{"line":37,"column":31}},"7":{"start":{"line":38,"column":4},"end":{"line":38,"column":29}},"8":{"start":{"line":45,"column":4},"end":{"line":51,"column":5}},"9":{"start":{"line":46,"column":6},"end":{"line":46,"column":59}},"10":{"start":{"line":47,"column":6},"end":{"line":47,"column":60}},"11":{"start":{"line":50,"column":6},"end":{"line":50,"column":37}},"12":{"start":{"line":58,"column":4},"end":{"line":58,"column":37}},"13":{"start":{"line":58,"column":30},"end":{"line":58,"column":37}},"14":{"start":{"line":60,"column":4},"end":{"line":67,"column":5}},"15":{"start":{"line":61,"column":20},"end":{"line":61,"column":54}},"16":{"start":{"line":62,"column":6},"end":{"line":64,"column":7}},"17":{"start":{"line":63,"column":8},"end":{"line":63,"column":31}},"18":{"start":{"line":74,"column":19},"end":{"line":74,"column":52}},"19":{"start":{"line":75,"column":20},"end":{"line":78,"column":5}},"20":{"start":{"line":79,"column":19},"end":{"line":79,"column":52}},"21":{"start":{"line":82,"column":4},"end":{"line":93,"column":5}},"22":{"start":{"line":82,"column":17},"end":{"line":82,"column":41}},"23":{"start":{"line":83,"column":22},"end":{"line":83,"column":67}},"24":{"start":{"line":84,"column":22},"end":{"line":84,"column":71}},"25":{"start":{"line":86,"column":6},"end":{"line":92,"column":7}},"26":{"start":{"line":87,"column":8},"end":{"line":91,"column":9}},"27":{"start":{"line":88,"column":10},"end":{"line":88,"column":35}},"28":{"start":{"line":90,"column":10},"end":{"line":90,"column":42}},"29":{"start":{"line":96,"column":25},"end":{"line":96,"column":67}},"30":{"start":{"line":97,"column":4},"end":{"line":99,"column":5}},"31":{"start":{"line":98,"column":6},"end":{"line":98,"column":55}},"32":{"start":{"line":110,"column":20},"end":{"line":110,"column":22}},"33":{"start":{"line":112,"column":4},"end":{"line":115,"column":5}},"34":{"start":{"line":113,"column":24},"end":{"line":113,"column":48}},"35":{"start":{"line":114,"column":6},"end":{"line":114,"column":37}},"36":{"start":{"line":117,"column":4},"end":{"line":117,"column":55}},"37":{"start":{"line":119,"column":4},"end":{"line":121,"column":5}},"38":{"start":{"line":120,"column":6},"end":{"line":120,"column":46}},"39":{"start":{"line":123,"column":4},"end":{"line":123,"column":21}},"40":{"start":{"line":133,"column":21},"end":{"line":133,"column":39}},"41":{"start":{"line":134,"column":27},"end":{"line":134,"column":57}},"42":{"start":{"line":136,"column":4},"end":{"line":138,"column":5}},"43":{"start":{"line":137,"column":6},"end":{"line":137,"column":13}},"44":{"start":{"line":140,"column":22},"end":{"line":140,"column":62}},"45":{"start":{"line":143,"column":4},"end":{"line":147,"column":5}},"46":{"start":{"line":144,"column":6},"end":{"line":144,"column":49}},"47":{"start":{"line":146,"column":6},"end":{"line":146,"column":29}},"48":{"start":{"line":150,"column":4},"end":{"line":153,"column":5}},"49":{"start":{"line":151,"column":6},"end":{"line":151,"column":37}},"50":{"start":{"line":152,"column":6},"end":{"line":152,"column":65}},"51":{"start":{"line":162,"column":4},"end":{"line":162,"column":43}},"52":{"start":{"line":171,"column":4},"end":{"line":171,"column":42}},"53":{"start":{"line":180,"column":4},"end":{"line":180,"column":42}},"54":{"start":{"line":189,"column":4},"end":{"line":189,"column":43}},"55":{"start":{"line":198,"column":4},"end":{"line":198,"column":43}},"56":{"start":{"line":206,"column":4},"end":{"line":206,"column":24}},"57":{"start":{"line":214,"column":4},"end":{"line":214,"column":27}},"58":{"start":{"line":223,"column":4},"end":{"line":226,"column":7}},"59":{"start":{"line":230,"column":0},"end":{"line":230,"column":24}}},"fnMap":{"0":{"name":"(anonymous_0)","decl":{"start":{"line":10,"column":2},"end":{"line":10,"column":3}},"loc":{"start":{"line":10,"column":27},"end":{"line":39,"column":3}},"line":10},"1":{"name":"(anonymous_1)","decl":{"start":{"line":44,"column":2},"end":{"line":44,"column":3}},"loc":{"start":{"line":44,"column":28},"end":{"line":52,"column":3}},"line":44},"2":{"name":"(anonymous_2)","decl":{"start":{"line":57,"column":2},"end":{"line":57,"column":3}},"loc":{"start":{"line":57,"column":28},"end":{"line":68,"column":3}},"line":57},"3":{"name":"(anonymous_3)","decl":{"start":{"line":73,"column":2},"end":{"line":73
[...]
line":551},"43":{"loc":{"start":{"line":551,"column":10},"end":{"line":551,"column":53}},"type":"binary-expr","locations":[{"start":{"line":551,"column":10},"end":{"line":551,"column":29}},{"start":{"line":551,"column":33},"end":{"line":551,"column":53}}],"line":551},"44":{"loc":{"start":{"line":559,"column":6},"end":{"line":561,"column":7}},"type":"if","locations":[{"start":{"line":559,"column":6},"end":{"line":561,"column":7}},{"start":{},"end":{}}],"line":559},"45":{"loc":{"start":{"line":559,"column":10},"end":{"line":559,"column":51}},"type":"binary-expr","locations":[{"start":{"line":559,"column":10},"end":{"line":559,"column":27}},{"start":{"line":559,"column":31},"end":{"line":559,"column":51}}],"line":559},"46":{"loc":{"start":{"line":567,"column":6},"end":{"line":569,"column":7}},"type":"if","locations":[{"start":{"line":567,"column":6},"end":{"line":569,"column":7}},{"start":{},"end":{}}],"line":567},"47":{"loc":{"start":{"line":567,"column":10},"end":{"line":567,"column":51}},"type":"binary-expr","locations":[{"start":{"line":567,"column":10},"end":{"line":567,"column":29}},{"start":{"line":567,"column":33},"end":{"line":567,"column":51}}],"line":567},"48":{"loc":{"start":{"line":580,"column":27},"end":{"line":580,"column":89}},"type":"cond-expr","locations":[{"start":{"line":580,"column":54},"end":{"line":580,"column":85}},{"start":{"line":580,"column":88},"end":{"line":580,"column":89}}],"line":580},"49":{"loc":{"start":{"line":581,"column":28},"end":{"line":582,"column":68}},"type":"cond-expr","locations":[{"start":{"line":582,"column":8},"end":{"line":582,"column":64}},{"start":{"line":582,"column":67},"end":{"line":582,"column":68}}],"line":581},"50":{"loc":{"start":{"line":614,"column":4},"end":{"line":616,"column":5}},"type":"if","locations":[{"start":{"line":614,"column":4},"end":{"line":616,"column":5}},{"start":{},"end":{}}],"line":614},"51":{"loc":{"start":{"line":623,"column":19},"end":{"line":625,"column":43}},"type":"cond-expr","locations":[{"start":{"line":624,"column":6},"end":{"line":624,"column":69}},{"start":{"line":625,"column":6},"end":{"line":625,"column":43}}],"line":623},"52":{"loc":{"start":{"line":640,"column":4},"end":{"line":642,"column":5}},"type":"if","locations":[{"start":{"line":640,"column":4},"end":{"line":642,"column":5}},{"start":{},"end":{}}],"line":640},"53":{"loc":{"start":{"line":640,"column":8},"end":{"line":640,"column":62}},"type":"binary-expr","locations":[{"start":{"line":640,"column":8},"end":{"line":640,"column":33}},{"start":{"line":640,"column":37},"end":{"line":640,"column":62}}],"line":640},"54":{"loc":{"start":{"line":644,"column":4},"end":{"line":646,"column":5}},"type":"if","locations":[{"start":{"line":644,"column":4},"end":{"line":646,"column":5}},{"start":{},"end":{}}],"line":644},"55":{"loc":{"start":{"line":656,"column":6},"end":{"line":656,"column":33}},"type":"if","locations":[{"start":{"line":656,"column":6},"end":{"line":656,"column":33}},{"start":{},"end":{}}],"line":656},"56":{"loc":{"start":{"line":665,"column":8},"end":{"line":680,"column":9}},"type":"if","locations":[{"start":{"line":665,"column":8},"end":{"line":680,"column":9}},{"start":{},"end":{}}],"line":665},"57":{"loc":{"start":{"line":670,"column":10},"end":{"line":679,"column":11}},"type":"if","locations":[{"start":{"line":670,"column":10},"end":{"line":679,"column":11}},{"start":{},"end":{}}],"line":670},"58":{"loc":{"start":{"line":700,"column":15},"end":{"line":700,"column":36}},"type":"binary-expr","locations":[{"start":{"line":700,"column":15},"end":{"line":700,"column":31}},{"start":{"line":700,"column":35},"end":{"line":700,"column":36}}],"line":700},"59":{"loc":{"start":{"line":710,"column":32},"end":{"line":710,"column":64}},"type":"binary-expr","locations":[{"start":{"line":710,"column":32},"end":{"line":710,"column":59}},{"start":{"line":710,"column":63},"end":{"line":710,"column":64}}],"line":710},"60":{"loc":{"start":{"line":711,"column":28},"end":{"line":711,"column":56}},"type":"binary-expr","locations":[{"start":{"line":711,"column":28},"end":{"line":711,"column":51}},{"start":{"line":711,"column":55},"end":{"line":711,"column":56}}],"line":711},"61":{"loc":{"start":{"line":712,"column":25},"end":{"line":712,"column":50}},"type":"binary-expr","locations":[{"start":{"line":712,"column":25},"end":{"line":712,"column":45}},{"start":{"line":712,"column":49},"end":{"line":712,"column":50}}],"line":712},"62":{"loc":{"start":{"line":713,"column":25},"end":{"line":713,"column":50}},"type":"binary-expr","locations":[{"start":{"line":713,"column":25},"end":{"line":713,"column":45}},{"start":{"line":713,"column":49},"end":{"line":713,"column":50}}],"line":713},"63":{"loc":{"start":{"line":714,"column":27},"end":{"line":714,"column":54}},"type":"binary-expr","locations":[{"start":{"line":714,"column":27},"end":{"line":714,"column":49}},{"start":{"line":714,"column":53},"end":{"line":714,"column":54}}],"line":714},"64":{"loc":{"start":{"line":730,"column":15},"end":{"line":730,"column":66}},"type":"cond-expr","locations":[{"start":{"line":730,"column":37},"end":{"line":730,"column":62}},{"start":{"line":730,"column":65},"end":{"line":730,"column":66}}],"line":730}},"s":{"0":15,"1":15,"2":15,"3":15,"4":15,"5":15,"6":15,"7":15,"8":15,"9":15,"10":15,"11":15,"12":15,"13":15,"14":15,"15":15,"16":15,"17":15,"18":15,"19":15,"20":15,"21":15,"22":9,"23":9,"24":9,"25":9,"26":60,"27":60,"28":12,"29":4,"30":60,"31":15,"32":75,"33":75,"34":43,"35":75,"36":9,"37":9,"38":9,"39":9,"40":1,"41":1,"42":1,"43":1,"44":1,"45":1,"46":1,"47":1,"48":1,"49":1,"50":14,"51":0,"52":14,"53":0,"54":14,"55":14,"56":14,"57":14,"58":14,"59":14,"60":6,"61":14,"62":14,"63":14,"64":14,"65":14,"66":14,"67":14,"68":14,"69":14,"70":14,"71":14,"72":14,"73":14,"74":14,"75":14,"76":14,"77":14,"78":14,"79":14,"80":14,"81":14,"82":14,"83":14,"84":14,"85":14,"86":1,"87":14,"88":0,"89":14,"90":14,"91":9,"92":9,"93":1,"94":1,"95":1,"96":1,"97":1,"98":1,"99":1,"100":9,"101":9,"102":9,"103":9,"104":9,"105":1,"106":1,"107":1,"108":1,"109":15,"110":15,"111":15,"112":15,"113":15,"114":15,"115":15,"116":31,"117":17,"118":17,"119":3,"120":15,"121":1,"122":1,"123":1,"124":15,"125":15,"126":15,"127":1,"128":1,"129":15,"130":10,"131":10,"132":15,"133":15,"134":15,"135":15,"136":15,"137":15,"138":15,"139":15,"140":15,"141":15,"142":15,"143":15,"144":15,"145":15,"146":15,"147":1,"148":1,"149":1,"150":15,"151":7,"152":7,"153":7,"154":1,"155":7,"156":15,"157":15,"158":15,"159":15,"160":1,"161":15,"162":15,"163":15,"164":15,"165":0,"166":15,"167":9,"168":7,"169":15,"170":9,"171":1,"172":1,"173":1,"174":15,"175":15,"176":15,"177":1,"178":1,"179":1,"180":1,"181":1,"182":1,"183":1,"184":15,"185":1,"186":1,"187":1,"188":15,"189":5,"190":1,"191":1,"192":15,"193":5,"194":1,"195":7,"196":1,"197":1,"198":1,"199":1,"200":15,"201":15,"202":15,"203":1,"204":3,"205":0,"206":3,"207":114,"208":3,"209":3,"210":3,"211":45,"212":3,"213":3,"214":45,"215":3,"216":3,"217":0,"218":0,"219":0,"220":0,"221":0,"222":0,"223":0,"224":0,"225":0,"226":0,"227":0,"228":0,"229":0,"230":0,"231":0,"232":0,"233":0,"234":0,"235":0,"236":0,"237":0,"238":0,"239":0,"240":0,"241":0,"242":0,"243":0,"244":0,"245":0,"246":0,"247":0,"248":0,"249":0,"250":0,"251":0,"252":0,"253":0,"254":0,"255":0,"256":1},"f":{"0":15,"1":9,"2":9,"3":60,"4":15,"5":75,"6":9,"7":9,"8":1,"9":1,"10":1,"11":1,"12":1,"13":1,"14":15,"15":3,"16":1,"17":15,"18":15,"19":15,"20":15,"21":1,"22":7,"23":15,"24":15,"25":1,"26":1,"27":7,"28":1,"29":3,"30":114,"31":45,"32":45,"33":0,"34":0,"35":0,"36":0},"b":{"0":[4,8],"1":[0],"2":[0,14],"3":[0,14],"4":[14,3,3],"5":[14,0],"6":[6,8],"7":[14,0],"8":[14,0],"9":[14,0],"10":[14,0],"11":[14,0],"12":[14,0],"13":[14,0],"14":[14,0],"15":[14,0],"16":[14,0],"17":[14,0],"18":[14,0],"19":[0,14],"20":[14,14],"21":[1,8],"22":[0,1],"23":[9,0],"24":[6,3],"25":[17,14],"26":[3,0],"27":[1,0],"28":[1,0],"29":[1,0],"30":[10,0],"31":[10,10],"32":[15,13],"33":[15,13],"34":[15,15],"35":[15,14],"36":[7,8],"37":[15,0],"38":[0,15],"39":[7,2],"40":[1,8],"41":[1,0],"42":[1,14],"43":[15,6],"44":[5,10],"45":[15,9],"46":[5,10],"47":[15,6],"48":[1,0],"49":[1,0],"50":[0,3],"51":[0,3],"52":[0,0],"53":[0,0],"54":[0,0],"55":[0,0],"56":[0,0],"57":[0,0],"58":[0,0],"59":[0,0],"60":[0,0],"61":[0,0],"62":[0,0],"63":[0,0],"64":[0,0]},"_coverageSchema":"1a1c01bbd47fc00a2c39e90264f33305004495a9","hash":"95465587834ab6ae2c4062981b81213e5be4e83b","contentHash":"589eddade9b78d0c2dab33aa1657cde24c586730fe6913510200633d5f3156ac"},"C:\\Users\\82109\\WorkBuddy\\2026-08-12-17-18-10\\da-fix\\src\\modules\\VisualizationGenerator.js":{"path":"C:\\Users\\82109\\WorkBuddy\\2026-08-12-17-18-10\\da-fix\\src\\modules\\VisualizationGenerator.js","statementMap":{"0":{"start":{"line":1,"column":11},"end":{"line":1,"column":30}},"1":{"start":{"line":2,"column":13},"end":{"line":2,"column":28}},"2":{"start":{"line":14,"column":4},"end":{"line":14,"column":25}},"3":{"start":{"line":24,"column":4},"end":{"line":24,"column":67}},"4":{"start":{"line":27,"column":28},"end":{"line":27,"column":80}},"5":{"start":{"line":28,"column":27},"end":{"line":28,"column":66}},"6":{"start":{"line":29,"column":4},"end":{"line":29,"column":83}},"7":{"start":{"line":38,"column":19},"end":{"line":40,"column":30}},"8":{"start":{"line":42,"column":24},"end":{"line":42,"column":73}},"9":{"start":{"line":44,"column":4},"end":{"line":44,"column":69}},"10":{"start":{"line":54,"column":22},"end":{"line":54,"column":62}},"11":{"start":{"line":55,"column":21},"end":{"line":65,"column":5}},"12":{"start":{"line":67,"column":4},"end":{"line":67,"column":83}},"13":{"start":{"line":76,"column":18},"end":{"line":76,"column":20}},"14":{"start":{"line":77,"column":18},"end":{"line":77,"column":20}},"15":{"start":{"line":80,"column":4},"end":{"line":94,"column":5}},"16":{"start":{"line":81,"column":6},"end":{"line":93,"column":9}},"17":{"start":{"line":97,"column":4},"end":{"line":103,"column":5}},"18":{"start":{"line":98,"column":6},"end":{"line":102,"column":9}},"19":{"start":{"line":105,"column":4},"end":{"line":105,"column":28}},"20":{"start":{"line":114,"column":18},"end":{"line":114,"column":20}},"21":{"start":{"line":115,"column":4},"end":{"line":120,"column":5}},"22":{"start":{"line":116,"column":6},"end":{"line":119,"column":8}},"23":{"start":{"line":122,"column":18},"end":{"line":122,"column":66}},"24":{"start":{"line":122,"column":52},"end":{"line":122,"column":65}},"25":{"start":{"line":124,"column":4},"end":{"line":128,"column":6}},"26":{"start":{"line":138,"column":4},"end":{"line":338,"column":9}},"27":{"start":{"line":347,"column":4},"end":{"line":349,"column":5}},"28":{"start":{"line":348,"column":6},"end":{"line":348,"column":67}},"29":{"start":{"line":351,"column":4},"end":{"line":365,"column":16}},"30":{"start":{"line":352,"column":28},"end":{"line":357,"column":39}},"31":{"start":{"line":359,"column":6},"end":{"line":364,"column":8}},"32":{"start":{"line":375,"column":4},"end":{"line":375,"column":52}},"33":{"start":{"line":375,"column":38},"end":{"line":375,"column":52}},"34":{"start":{"line":377,"column":16},"end":{"line":377,"column":72}},"35":{"start":{"line":377,"column":44},"end":{"line":377,"column":68}},"36":{"start":{"line":378,"column":20},"end":{"line":378,"column":38}},"37":{"start":{"line":379,"column":4},"end":{"line":379,"column":30}},"38":{"start":{"line":388,"column":21},"end":{"line":388,"column":38}},"39":{"start":{"line":389,"column":4},"end":{"line":389,"column":39}},"40":{"start":{"line":389,"column":24},"end":{"line":389,"column":39}},"41":{"start":{"line":390,"column":4},"end":{"line":390,"column":40}},"42":{"start":{"line":390,"column":23},"end":{"line":390,"column":40}},"43":{"start":{"line":391,"column":4},"end":{"line":391,"column":14}},"44":{"start":{"line":400,"column":4},"end":{"line":400,"column":47}},"45":{"start":{"line":400,"column":38},"end":{"line":400,"column":47}},"46":{"start":{"line":402,"column":4},"end":{"line":402,"column":75}},"47":{"start":{"line":402,"column":32},"end":{"line":402,"column":66}},"48":{"start":{"line":410,"column":4},"end":{"line":792,"column":6}},"49":{"start":{"line":800,"column":4},"end":{"line":1246,"column":6}},"50":{"start":{"line":1250,"column":0},"end":{"line":1250,"column":40}}},"fnMap":{"0":{"name":"(anonymous_0)","decl":{"start":{"line":13,"column":2},"end":{"line":13,"column":3}},"loc":{"start":{"line":13,"column":22},"end":{"line":15,"column":3}},"line":13},"1":{"name":"(anonymous_1)","decl":{"start":{"line":22,"column":2},"end":{"line":22,"column":3}},"loc":{"start":{"line":22,"column":56},"end":{"line":30,"column":3}},"line":22},"2":{"name":"(anonymous_2)","decl":{"start":{"line":37,"column":2},"end":{"line":37,"column":3}},"loc":{"start":{"line":37,"column":60},"end":{"line":45,"column":3}},"line":37},"3":{"name":"(anonymous_3)","decl":{"start":{"line":52,"column":2},"end":{"line":52,"column":3}},"loc":{"start":{"line":52,"column":76},"end":{"line":68,"column":3}},"line":52},"4":{"name":"(anonymous_4)","decl":{"start":{"line":75,"column":2},"end":{"line":75,"column":3}},"loc":{"start":{"line":75,"column":37},"end":{"line":106,"column":3}},"line":75},"5":{"name":"(anonymous_5)","decl":{"start":{"line":113,"column":2},"end":{"line":113,"column":3}},"loc":{"start":{"line":113,"column":38},"end":{"line":129,"column":3}},"line":113},"6":{"name":"(anonymous_6)","decl":{"start":{"line":122,"column":44},"end":{"line":122,"column":45}},"loc":{"start":{"line":122,"column":52},"end":{"line":122,"column":65}},"line":122},"7":{"name":"(anonymous_7)","decl":{"start":{"line":137,"column":2},"end":{"line":137,"column":3}},"loc":{"start":{"line":137,"column":47},"end":{"line":339,"column":3}},"line":137},"8":{"name":"(anonymous_8)","decl":{"start":{"line":346,"column":2},"end":{"line":346,"column":3}},"loc":{"start":{"line":346,"column":47},"end":{"line":366,"column":3}},"line":346},"9":{"name":"(anonymous_9)","decl":{"start":{"line":351,"column":43},"end":{"line":351,"column":44}},"loc":{"start":{"line":351,"column":50},"end":{"line":365,"column":5}},"line":351},"10":{"name":"(anonymous_10)","decl":{"start":{"line":374,"column":2},"end":{"line":374,"column":3}},"loc":{"start":{"line":374,"column":43},"end":{"line":380,"column":3}},"line":374},"11":{"name":"(anonymous_11)","decl":{"start":{"line":377,"column":29},"end":{"line":377,"column":30}},"loc":{"start":{"line":377,"column":44},"end":{"line":377,"column":68}},"line":377},"12":{"name":"(anonymous_12)","decl":{"start":{"line":387,"column":2},"end":{"line":387,"column":3}},"loc":{"start":{"line":387,"column":28},"end":{"line":392,"column":3}},"line":387},"13":{"name":"(anonymous_13)","decl":{"start":{"line":399,"column":2},"end":{"line":399,"column":3}},"loc":{"start":{"line":399,"column":34},"end":{"line":403,"column":3}},"line":399},"14":{"name":"(anonymous_14)","decl":{"start":{"line":402,"column":24},"end":{"line":402,"column":25}},"loc":{"start":{"line":402,"column":32},"end":{"line":402,"column":66}},"line":402},"15":{"name":"(anonymous_15)","decl":{"start":{"line":409,"column":2},"end":{"line":409,"column":3}},"loc":{"start":{"line":409,"column":11},"end":{"line":793,"column":3}},"line":409},"16":{"name":"(anonymous_16)","decl":{"start":{"line":799,"column":2},"end":{"line":799,"column":3}},"loc":{"start":{"line":799,"column":18},"end":{"line":1247,"column":3}},"line":799}},"branchMap":{"0":{"loc":{"start":{"line":28,"column":27},"end":{"line":28,"column":66}},"type":"binary-expr","locations":[{"start":{"line":28,"column":27},"end":{"line":28,"column":47}},{"start":{"line":28,"column":51},"end":{"line":28,"column":66}}],"line":28},"1":{"loc":{"start":{"line":38,"column":19},"end":{"line":40,"column":30}},"type":"cond-expr","locations":[{"start":{"line":39,"column":6},"end":{"line":39,"column":45}},{"start":{"line":40,"column":6},"end":{"line":40,"column":30}}],"line":38},"2":{"loc":{"start":{"line":84,"column":15},"end":{"line":84,"column":36}},"type":"binary-expr","locations":[{"start":{"line":84,"column":15},"end":{"line":84,"column":31}},{"start":{"line":84,"column":35},"end":{"line":84,"column":36}}],"line":84},"3":{"loc":{"start":{"line":88,"column":30},"end":{"line":88,"column":60}},"type":"binary-expr","locations":[{"start":{"line":88,"column":30},"end":{"line":88,"column":55}},{"start":{"line":88,"column":59},"end":{"line":88,"column":60}}],"line":88},"4":{"loc":{"start":{"line":101,"column":15},"end":{"line":101,"column":66}},"type":"cond-expr","locations":[{"start":{"line":101,"column":37},"end":{"line":101,"column":62}},{"start":{"line":101,"column":65},"end":{"line":101,"column":66}}],"line":101},"5":{"loc":{"start":{"line":347,"column":4},"end":{"line":349,"column":5}},"type":"if","locations":[{"start":{"line":347,"column":4},"end":{"line":349,"column":5}},{"start":{},"end":{}}],"line":347},"6":{"loc":{"start":{"line":347,"column":8},"end":{"line":347,"column":56}},"type":"binary-expr","locations":[{"start":{"line":347,"column":8},"end":{"line":347,"column":24}},{"start":{"line":347,"column":28},"end":{"line":347,"column":56}}],"line":347},"7":{"loc":{"start":{"line":352,"column":28},"end":{"line":357,"column":39}},"type":"binary-expr","locations":[{"start":{"line":352,"column":28},"end":{"line":357,"column":21}},{"start":{"line":357,"column":25},"end":{"line":357,"column":39}}],"line":352},"8":{"loc":{"start":{"line":375,"column":4},"end":{"line":375,"column":52}},"type":"if","locations":[{"start":{"line":375,"column":4},"end":{"line":375,"column":52}},{"start":{},"end":{}}],"line":375},"9":{"loc":{"start":{"line":375,"column":8},"end":{"line":375,"column":36}},"type":"binary-expr","locations":[{"start":{"line":375,"column":8},"end":{"line":375,"column":14}},{"start":{"line":375,"column":18},"end":{"line":375,"column":36}}],"line":375},"10":{"loc":{"start":{"line":377,"column":51},"end":{"line":377,"column":67}},"type":"binary-expr","locations":[{"start":{"line":377,"column":51},"end":{"line":377,"column":62}},{"start":{"line":377,"column":66},"end":{"line":377,"column":67}}],"line":377},"11":{"loc":{"start":{"line":389,"column":4},"end":{"line":389,"column":39}},"type":"if","locations":[{"start":{"line":389,"column":4},"end":{"line":389,"column":39}},{"start":{},"end":{}}],"line":389},"12":{"loc":{"start":{"line":390,"column":4},"end":{"line":390,"column":40}},"type":"if","locations":[{"start":{"line":390,"column":4},"end":{"line":390,"column":40}},{"start":{},"end":{}}],"line":390},"13":{"loc":{"start":{"line":400,"column":4},"end":{"line":400,"column":47}},"type":"if","locations":[{"start":{"line":400,"column":4},"end":{"line":400,"column":47}},{"start":{},"end":{}}],"line":400},"14":{"loc":{"start":{"line":400,"column":8},"end":{"line":400,"column":36}},"type":"binary-expr","locations":[{"start":{"line":400,"column":8},"end":{"line":400,"column":14}},{"start":{"line":400,"column":18},"end":{"line":400,"column":36}}],"line":400},"15":{"loc":{"start":{"line":402,"column":33},"end":{"line":402,"column":60}},"type":"binary-expr","locations":[{"start":{"line":402,"column":33},"end":{"line":402,"column":55}},{"start":{"line":402,"column":59},"end":{"line":402,"column":60}}],"line":402}},"s":{"0":1,"1":1,"2":1,"3":1,"4":1,"5":1,"6":1,"7":1,"8":1,"9":1,"10":1,"11":1,"12":1,"13":1,"14":1,"15":1,"16":15,"17":1,"18":9,"19":1,"20":1,"21":1,"22":15,"23":1,"24":9,"25":1,"26":1,"27":1,"28":0,"29":1,"30":4,"31":4,"32":6,"33":0,"34":6,"35":90,"36":6,"37":6,"38":1,"39":1,"40":0,"41":1,"42":0,"43":1,"44":1,"45":0,"46":1,"47":15,"48":1,"49":1,"50":1},"f":{"0":1,"1":1,"2":1,"3":1,"4":1,"5":1,"6":9,"7":1,"8":1,"9":4,"10":6,"11":90,"12":1,"13":1,"14":15,"15":1,"16":1},"b":{"0":[1,0],"1":[1,0],"2":[15,2],"3":[15,4],"4":[6,3],"5":[0,1],"6":[1,1],"7":[4,0],"8":[0,6],"9":[6,6],"10":[90,90],"11":[0,1],"12":[0,1],"13":[0,1],"14":[1,1],"15":[15,15]},"_coverageSchema":"1a1c01bbd47fc00a2c39e90264f33305004495a9","hash":"6caa664ab3e30e94b01de967a2a91c56e5685cf2","contentHash":"8ca9a5cc70860353d85dc9a8f7810af2010a6a2b501adb9e13d1691ae2901364"}}